2018-10-09T22:57:37+00:00 CRITICAL Uncaught Error: Function name must be a string in /home/globalsax/public_html/demo/wp-content/themes/Avada/woocommerce/cart/cart.php:117
Stack trace:
#0 /home/globalsax/public_html/demo/wp-content/plugins/woocommerce/includes/wc-core-functions.php(211): include()
#1 /home/globalsax/public_html/demo/wp-content/plugins/woocommerce/includes/shortcodes/class-wc-shortcode-cart.php(87): wc_get_template('cart/cart.php')
#2 /home/globalsax/public_html/demo/wp-content/plugins/woocommerce/includes/class-wc-shortcodes.php(76): WC_Shortcode_Cart::output(Array)
#3 /home/globalsax/public_html/demo/wp-content/plugins/woocommerce/includes/class-wc-shortcodes.php(89): WC_Shortcodes::shortcode_wrapper(Array)
#4 /home/globalsax/public_html/demo/wp-includes/shortcodes.php(319): WC_Shortcodes::cart('', '', 'woocommerce_car...')
#5 [internal function]: do_shortcode_tag(Array)
#6 /home/globalsax/public_html/demo/wp-includes/shortcodes.php(197): preg_replace_callback('/\\[(\\[?)(woocom...', 'do_shortcode_ta...', '[woocommerce_ca...'

2018-10-09T22:58:37+00:00 CRITICAL Uncaught Error: Function name must be a string in /home/globalsax/public_html/demo/wp-content/themes/Avada/woocommerce/cart/cart.php:117
Stack trace:
#0 /home/globalsax/public_html/demo/wp-content/plugins/woocommerce/includes/wc-core-functions.php(211): include()
#1 /home/globalsax/public_html/demo/wp-content/plugins/woocommerce/includes/shortcodes/class-wc-shortcode-cart.php(87): wc_get_template('cart/cart.php')
#2 /home/globalsax/public_html/demo/wp-content/plugins/woocommerce/includes/class-wc-shortcodes.php(76): WC_Shortcode_Cart::output(Array)
#3 /home/globalsax/public_html/demo/wp-content/plugins/woocommerce/includes/class-wc-shortcodes.php(89): WC_Shortcodes::shortcode_wrapper(Array)
#4 /home/globalsax/public_html/demo/wp-includes/shortcodes.php(319): WC_Shortcodes::cart('', '', 'woocommerce_car...')
#5 [internal function]: do_shortcode_tag(Array)
#6 /home/globalsax/public_html/demo/wp-includes/shortcodes.php(197): preg_replace_callback('/\\[(\\[?)(woocom...', 'do_shortcode_ta...', '[woocommerce_ca...'

2018-10-09T23:00:36+00:00 CRITICAL Uncaught Error: Function name must be a string in /home/globalsax/public_html/demo/wp-content/themes/Avada/woocommerce/cart/cart.php:117
Stack trace:
#0 /home/globalsax/public_html/demo/wp-content/plugins/woocommerce/includes/wc-core-functions.php(211): include()
#1 /home/globalsax/public_html/demo/wp-content/plugins/woocommerce/includes/shortcodes/class-wc-shortcode-cart.php(87): wc_get_template('cart/cart.php')
#2 /home/globalsax/public_html/demo/wp-content/plugins/woocommerce/includes/class-wc-shortcodes.php(76): WC_Shortcode_Cart::output(Array)
#3 /home/globalsax/public_html/demo/wp-content/plugins/woocommerce/includes/class-wc-shortcodes.php(89): WC_Shortcodes::shortcode_wrapper(Array)
#4 /home/globalsax/public_html/demo/wp-includes/shortcodes.php(319): WC_Shortcodes::cart('', '', 'woocommerce_car...')
#5 [internal function]: do_shortcode_tag(Array)
#6 /home/globalsax/public_html/demo/wp-includes/shortcodes.php(197): preg_replace_callback('/\\[(\\[?)(woocom...', 'do_shortcode_ta...', '[woocommerce_ca...'

2018-10-09T23:02:32+00:00 CRITICAL Uncaught Error: Function name must be a string in /home/globalsax/public_html/demo/wp-content/themes/Avada/woocommerce/cart/cart.php:117
Stack trace:
#0 /home/globalsax/public_html/demo/wp-content/plugins/woocommerce/includes/wc-core-functions.php(211): include()
#1 /home/globalsax/public_html/demo/wp-content/plugins/woocommerce/includes/shortcodes/class-wc-shortcode-cart.php(87): wc_get_template('cart/cart.php')
#2 /home/globalsax/public_html/demo/wp-content/plugins/woocommerce/includes/class-wc-shortcodes.php(76): WC_Shortcode_Cart::output(Array)
#3 /home/globalsax/public_html/demo/wp-content/plugins/woocommerce/includes/class-wc-shortcodes.php(89): WC_Shortcodes::shortcode_wrapper(Array)
#4 /home/globalsax/public_html/demo/wp-includes/shortcodes.php(319): WC_Shortcodes::cart('', '', 'woocommerce_car...')
#5 [internal function]: do_shortcode_tag(Array)
#6 /home/globalsax/public_html/demo/wp-includes/shortcodes.php(197): preg_replace_callback('/\\[(\\[?)(woocom...', 'do_shortcode_ta...', '[woocommerce_ca...'

2018-10-09T23:03:15+00:00 CRITICAL Uncaught Error: Function name must be a string in /home/globalsax/public_html/demo/wp-content/themes/Avada/woocommerce/cart/cart.php:117
Stack trace:
#0 /home/globalsax/public_html/demo/wp-content/plugins/woocommerce/includes/wc-core-functions.php(211): include()
#1 /home/globalsax/public_html/demo/wp-content/plugins/woocommerce/includes/shortcodes/class-wc-shortcode-cart.php(87): wc_get_template('cart/cart.php')
#2 /home/globalsax/public_html/demo/wp-content/plugins/woocommerce/includes/class-wc-shortcodes.php(76): WC_Shortcode_Cart::output(Array)
#3 /home/globalsax/public_html/demo/wp-content/plugins/woocommerce/includes/class-wc-shortcodes.php(89): WC_Shortcodes::shortcode_wrapper(Array)
#4 /home/globalsax/public_html/demo/wp-includes/shortcodes.php(319): WC_Shortcodes::cart('', '', 'woocommerce_car...')
#5 [internal function]: do_shortcode_tag(Array)
#6 /home/globalsax/public_html/demo/wp-includes/shortcodes.php(197): preg_replace_callback('/\\[(\\[?)(woocom...', 'do_shortcode_ta...', '[woocommerce_ca...'

2018-10-09T23:04:23+00:00 CRITICAL Uncaught Error: Function name must be a string in /home/globalsax/public_html/demo/wp-content/themes/Avada/woocommerce/cart/cart.php:117
Stack trace:
#0 /home/globalsax/public_html/demo/wp-content/plugins/woocommerce/includes/wc-core-functions.php(211): include()
#1 /home/globalsax/public_html/demo/wp-content/plugins/woocommerce/includes/shortcodes/class-wc-shortcode-cart.php(87): wc_get_template('cart/cart.php')
#2 /home/globalsax/public_html/demo/wp-content/plugins/woocommerce/includes/class-wc-shortcodes.php(76): WC_Shortcode_Cart::output(Array)
#3 /home/globalsax/public_html/demo/wp-content/plugins/woocommerce/includes/class-wc-shortcodes.php(89): WC_Shortcodes::shortcode_wrapper(Array)
#4 /home/globalsax/public_html/demo/wp-includes/shortcodes.php(319): WC_Shortcodes::cart('', '', 'woocommerce_car...')
#5 [internal function]: do_shortcode_tag(Array)
#6 /home/globalsax/public_html/demo/wp-includes/shortcodes.php(197): preg_replace_callback('/\\[(\\[?)(woocom...', 'do_shortcode_ta...', '[woocommerce_ca...'

2018-10-09T23:04:42+00:00 CRITICAL Uncaught Error: Function name must be a string in /home/globalsax/public_html/demo/wp-content/themes/Avada/woocommerce/cart/cart.php:117
Stack trace:
#0 /home/globalsax/public_html/demo/wp-content/plugins/woocommerce/includes/wc-core-functions.php(211): include()
#1 /home/globalsax/public_html/demo/wp-content/plugins/woocommerce/includes/shortcodes/class-wc-shortcode-cart.php(87): wc_get_template('cart/cart.php')
#2 /home/globalsax/public_html/demo/wp-content/plugins/woocommerce/includes/class-wc-shortcodes.php(76): WC_Shortcode_Cart::output(Array)
#3 /home/globalsax/public_html/demo/wp-content/plugins/woocommerce/includes/class-wc-shortcodes.php(89): WC_Shortcodes::shortcode_wrapper(Array)
#4 /home/globalsax/public_html/demo/wp-includes/shortcodes.php(319): WC_Shortcodes::cart('', '', 'woocommerce_car...')
#5 [internal function]: do_shortcode_tag(Array)
#6 /home/globalsax/public_html/demo/wp-includes/shortcodes.php(197): preg_replace_callback('/\\[(\\[?)(woocom...', 'do_shortcode_ta...', '[woocommerce_ca...'

2018-10-09T23:05:40+00:00 CRITICAL Uncaught Error: Function name must be a string in /home/globalsax/public_html/demo/wp-content/themes/Avada/woocommerce/cart/cart.php:117
Stack trace:
#0 /home/globalsax/public_html/demo/wp-content/plugins/woocommerce/includes/wc-core-functions.php(211): include()
#1 /home/globalsax/public_html/demo/wp-content/plugins/woocommerce/includes/shortcodes/class-wc-shortcode-cart.php(87): wc_get_template('cart/cart.php')
#2 /home/globalsax/public_html/demo/wp-content/plugins/woocommerce/includes/class-wc-shortcodes.php(76): WC_Shortcode_Cart::output(Array)
#3 /home/globalsax/public_html/demo/wp-content/plugins/woocommerce/includes/class-wc-shortcodes.php(89): WC_Shortcodes::shortcode_wrapper(Array)
#4 /home/globalsax/public_html/demo/wp-includes/shortcodes.php(319): WC_Shortcodes::cart('', '', 'woocommerce_car...')
#5 [internal function]: do_shortcode_tag(Array)
#6 /home/globalsax/public_html/demo/wp-includes/shortcodes.php(197): preg_replace_callback('/\\[(\\[?)(woocom...', 'do_shortcode_ta...', '[woocommerce_ca...'

2018-10-09T23:05:56+00:00 CRITICAL Uncaught Error: Function name must be a string in /home/globalsax/public_html/demo/wp-content/themes/Avada/woocommerce/cart/cart.php:117
Stack trace:
#0 /home/globalsax/public_html/demo/wp-content/plugins/woocommerce/includes/wc-core-functions.php(211): include()
#1 /home/globalsax/public_html/demo/wp-content/plugins/woocommerce/includes/shortcodes/class-wc-shortcode-cart.php(87): wc_get_template('cart/cart.php')
#2 /home/globalsax/public_html/demo/wp-content/plugins/woocommerce/includes/class-wc-shortcodes.php(76): WC_Shortcode_Cart::output(Array)
#3 /home/globalsax/public_html/demo/wp-content/plugins/woocommerce/includes/class-wc-shortcodes.php(89): WC_Shortcodes::shortcode_wrapper(Array)
#4 /home/globalsax/public_html/demo/wp-includes/shortcodes.php(319): WC_Shortcodes::cart('', '', 'woocommerce_car...')
#5 [internal function]: do_shortcode_tag(Array)
#6 /home/globalsax/public_html/demo/wp-includes/shortcodes.php(197): preg_replace_callback('/\\[(\\[?)(woocom...', 'do_shortcode_ta...', '[woocommerce_ca...'

2018-10-12T15:34:24+00:00 CRITICAL Uncaught Exception: Error Processing Request in /home/globalsax/public_html/demo/wp-content/plugins/globalsax-core/funcionalidades/sincronizarProductos.php:12
Stack trace:
#0 /home/globalsax/public_html/demo/wp-includes/class-wp-hook.php(286): get_sincronizar_producto('')
#1 /home/globalsax/public_html/demo/wp-includes/class-wp-hook.php(310): WP_Hook->apply_filters('', Array)
#2 /home/globalsax/public_html/demo/wp-includes/plugin.php(453): WP_Hook->do_action(Array)
#3 /home/globalsax/public_html/demo/wp-admin/admin-ajax.php(100): do_action('wp_ajax_get_sin...')
#4 {main}
  thrown

2018-10-12T15:34:31+00:00 CRITICAL Uncaught Exception: Error Processing Request in /home/globalsax/public_html/demo/wp-content/plugins/globalsax-core/funcionalidades/sincronizarProductos.php:12
Stack trace:
#0 /home/globalsax/public_html/demo/wp-includes/class-wp-hook.php(286): get_sincronizar_producto('')
#1 /home/globalsax/public_html/demo/wp-includes/class-wp-hook.php(310): WP_Hook->apply_filters('', Array)
#2 /home/globalsax/public_html/demo/wp-includes/plugin.php(453): WP_Hook->do_action(Array)
#3 /home/globalsax/public_html/demo/wp-admin/admin-ajax.php(100): do_action('wp_ajax_get_sin...')
#4 {main}
  thrown

2018-10-12T15:48:36+00:00 CRITICAL Uncaught Exception: Error Processing Request in /home/globalsax/public_html/demo/wp-content/plugins/globalsax-core/funcionalidades/sincronizarProductos.php:48
Stack trace:
#0 /home/globalsax/public_html/demo/wp-content/plugins/globalsax-core/funcionalidades/sincronizarProductos.php(39): insert_products(Array)
#1 /home/globalsax/public_html/demo/wp-includes/class-wp-hook.php(286): get_sincronizar_producto('')
#2 /home/globalsax/public_html/demo/wp-includes/class-wp-hook.php(310): WP_Hook->apply_filters('', Array)
#3 /home/globalsax/public_html/demo/wp-includes/plugin.php(453): WP_Hook->do_action(Array)
#4 /home/globalsax/public_html/demo/wp-admin/admin-ajax.php(100): do_action('wp_ajax_get_sin...')
#5 {main}
  thrown

2018-10-12T15:49:32+00:00 CRITICAL Uncaught Exception: Error Processing Request in /home/globalsax/public_html/demo/wp-content/plugins/globalsax-core/funcionalidades/sincronizarProductos.php:65
Stack trace:
#0 /home/globalsax/public_html/demo/wp-content/plugins/globalsax-core/funcionalidades/sincronizarProductos.php(39): insert_products(Array)
#1 /home/globalsax/public_html/demo/wp-includes/class-wp-hook.php(286): get_sincronizar_producto('')
#2 /home/globalsax/public_html/demo/wp-includes/class-wp-hook.php(310): WP_Hook->apply_filters('', Array)
#3 /home/globalsax/public_html/demo/wp-includes/plugin.php(453): WP_Hook->do_action(Array)
#4 /home/globalsax/public_html/demo/wp-admin/admin-ajax.php(100): do_action('wp_ajax_get_sin...')
#5 {main}
  thrown

2018-10-12T15:53:53+00:00 CRITICAL Uncaught Exception: Error Processing Request in /home/globalsax/public_html/demo/wp-content/plugins/globalsax-core/funcionalidades/sincronizarProductos.php:187
Stack trace:
#0 /home/globalsax/public_html/demo/wp-content/plugins/globalsax-core/funcionalidades/sincronizarProductos.php(101): insert_product_category(2184, 'SIGRY')
#1 /home/globalsax/public_html/demo/wp-content/plugins/globalsax-core/funcionalidades/sincronizarProductos.php(60): insert_product(Array)
#2 /home/globalsax/public_html/demo/wp-content/plugins/globalsax-core/funcionalidades/sincronizarProductos.php(39): insert_products(Array)
#3 /home/globalsax/public_html/demo/wp-includes/class-wp-hook.php(286): get_sincronizar_producto('')
#4 /home/globalsax/public_html/demo/wp-includes/class-wp-hook.php(310): WP_Hook->apply_filters('', Array)
#5 /home/globalsax/public_html/demo/wp-includes/plugin.php(453): WP_Hook->do_action(Array)
#6 /home/globalsax/public_html/demo/wp-admin/admin-ajax.php(100): do_action('wp_ajax_get_sin...')
#7 {main}
  thrown

2018-10-12T15:56:37+00:00 CRITICAL Uncaught Exception: 147 in /home/globalsax/public_html/demo/wp-content/plugins/globalsax-core/funcionalidades/sincronizarProductos.php:187
Stack trace:
#0 /home/globalsax/public_html/demo/wp-content/plugins/globalsax-core/funcionalidades/sincronizarProductos.php(101): insert_product_category(2184, 'SIGRY')
#1 /home/globalsax/public_html/demo/wp-content/plugins/globalsax-core/funcionalidades/sincronizarProductos.php(60): insert_product(Array)
#2 /home/globalsax/public_html/demo/wp-content/plugins/globalsax-core/funcionalidades/sincronizarProductos.php(39): insert_products(Array)
#3 /home/globalsax/public_html/demo/wp-includes/class-wp-hook.php(286): get_sincronizar_producto('')
#4 /home/globalsax/public_html/demo/wp-includes/class-wp-hook.php(310): WP_Hook->apply_filters('', Array)
#5 /home/globalsax/public_html/demo/wp-includes/plugin.php(453): WP_Hook->do_action(Array)
#6 /home/globalsax/public_html/demo/wp-admin/admin-ajax.php(100): do_action('wp_ajax_get_sin...')
#7 {main}
  thrown

2018-10-12T15:58:00+00:00 CRITICAL Uncaught Exception: 147 in /home/globalsax/public_html/demo/wp-content/plugins/globalsax-core/funcionalidades/sincronizarProductos.php:187
Stack trace:
#0 /home/globalsax/public_html/demo/wp-content/plugins/globalsax-core/funcionalidades/sincronizarProductos.php(101): insert_product_category(2184, 'SIGRY')
#1 /home/globalsax/public_html/demo/wp-content/plugins/globalsax-core/funcionalidades/sincronizarProductos.php(60): insert_product(Array)
#2 /home/globalsax/public_html/demo/wp-content/plugins/globalsax-core/funcionalidades/sincronizarProductos.php(39): insert_products(Array)
#3 /home/globalsax/public_html/demo/wp-includes/class-wp-hook.php(286): get_sincronizar_producto('')
#4 /home/globalsax/public_html/demo/wp-includes/class-wp-hook.php(310): WP_Hook->apply_filters('', Array)
#5 /home/globalsax/public_html/demo/wp-includes/plugin.php(453): WP_Hook->do_action(Array)
#6 /home/globalsax/public_html/demo/wp-admin/admin-ajax.php(100): do_action('wp_ajax_get_sin...')
#7 {main}
  thrown

2018-10-12T15:58:37+00:00 CRITICAL Uncaught Exception: cat_id in /home/globalsax/public_html/demo/wp-content/plugins/globalsax-core/funcionalidades/sincronizarProductos.php:187
Stack trace:
#0 /home/globalsax/public_html/demo/wp-content/plugins/globalsax-core/funcionalidades/sincronizarProductos.php(101): insert_product_category(2184, 'SIGRY')
#1 /home/globalsax/public_html/demo/wp-content/plugins/globalsax-core/funcionalidades/sincronizarProductos.php(60): insert_product(Array)
#2 /home/globalsax/public_html/demo/wp-content/plugins/globalsax-core/funcionalidades/sincronizarProductos.php(39): insert_products(Array)
#3 /home/globalsax/public_html/demo/wp-includes/class-wp-hook.php(286): get_sincronizar_producto('')
#4 /home/globalsax/public_html/demo/wp-includes/class-wp-hook.php(310): WP_Hook->apply_filters('', Array)
#5 /home/globalsax/public_html/demo/wp-includes/plugin.php(453): WP_Hook->do_action(Array)
#6 /home/globalsax/public_html/demo/wp-admin/admin-ajax.php(100): do_action('wp_ajax_get_sin...')
#7 {main}
  thrown

2018-10-26T09:44:45+00:00 CRITICAL Uncaught Error: Call to undefined function get_user_by_name() in /home/globalsax/public_html/demo/wp-content/plugins/globalsax-core/pantallaAdminGlobalsax.php:134
Stack trace:
#0 /home/globalsax/public_html/demo/wp-content/plugins/globalsax-core/pantallaAdminGlobalsax.php(28): assignClient()
#1 /home/globalsax/public_html/demo/wp-includes/class-wp-hook.php(286): theme_settings_page('')
#2 /home/globalsax/public_html/demo/wp-includes/class-wp-hook.php(310): WP_Hook->apply_filters('', Array)
#3 /home/globalsax/public_html/demo/wp-includes/plugin.php(453): WP_Hook->do_action(Array)
#4 /home/globalsax/public_html/demo/wp-admin/admin.php(224): do_action('toplevel_page_g...')
#5 {main}
  thrown

2018-10-26T09:45:36+00:00 CRITICAL Uncaught Error: Call to undefined function get_user_by_name() in /home/globalsax/public_html/demo/wp-content/plugins/globalsax-core/pantallaAdminGlobalsax.php:135
Stack trace:
#0 /home/globalsax/public_html/demo/wp-content/plugins/globalsax-core/pantallaAdminGlobalsax.php(28): assignClient()
#1 /home/globalsax/public_html/demo/wp-includes/class-wp-hook.php(286): theme_settings_page('')
#2 /home/globalsax/public_html/demo/wp-includes/class-wp-hook.php(310): WP_Hook->apply_filters('', Array)
#3 /home/globalsax/public_html/demo/wp-includes/plugin.php(453): WP_Hook->do_action(Array)
#4 /home/globalsax/public_html/demo/wp-admin/admin.php(224): do_action('toplevel_page_g...')
#5 {main}
  thrown

2018-10-26T09:46:38+00:00 CRITICAL Uncaught Error: Call to undefined function get_user_by_name() in /home/globalsax/public_html/demo/wp-content/plugins/globalsax-core/pantallaAdminGlobalsax.php:134
Stack trace:
#0 /home/globalsax/public_html/demo/wp-content/plugins/globalsax-core/pantallaAdminGlobalsax.php(28): assignClient()
#1 /home/globalsax/public_html/demo/wp-includes/class-wp-hook.php(286): theme_settings_page('')
#2 /home/globalsax/public_html/demo/wp-includes/class-wp-hook.php(310): WP_Hook->apply_filters('', Array)
#3 /home/globalsax/public_html/demo/wp-includes/plugin.php(453): WP_Hook->do_action(Array)
#4 /home/globalsax/public_html/demo/wp-admin/admin.php(224): do_action('toplevel_page_g...')
#5 {main}
  thrown

2018-10-26T09:46:45+00:00 CRITICAL Uncaught Error: Call to undefined function get_user_by_name() in /home/globalsax/public_html/demo/wp-content/plugins/globalsax-core/pantallaAdminGlobalsax.php:134
Stack trace:
#0 /home/globalsax/public_html/demo/wp-content/plugins/globalsax-core/pantallaAdminGlobalsax.php(28): assignClient()
#1 /home/globalsax/public_html/demo/wp-includes/class-wp-hook.php(286): theme_settings_page('')
#2 /home/globalsax/public_html/demo/wp-includes/class-wp-hook.php(310): WP_Hook->apply_filters('', Array)
#3 /home/globalsax/public_html/demo/wp-includes/plugin.php(453): WP_Hook->do_action(Array)
#4 /home/globalsax/public_html/demo/wp-admin/admin.php(224): do_action('toplevel_page_g...')
#5 {main}
  thrown

2018-10-26T09:47:42+00:00 CRITICAL Uncaught Error: Call to undefined function get_user_by_name() in /home/globalsax/public_html/demo/wp-content/plugins/globalsax-core/pantallaAdminGlobalsax.php:134
Stack trace:
#0 /home/globalsax/public_html/demo/wp-content/plugins/globalsax-core/pantallaAdminGlobalsax.php(28): assignClient()
#1 /home/globalsax/public_html/demo/wp-includes/class-wp-hook.php(286): theme_settings_page('')
#2 /home/globalsax/public_html/demo/wp-includes/class-wp-hook.php(310): WP_Hook->apply_filters('', Array)
#3 /home/globalsax/public_html/demo/wp-includes/plugin.php(453): WP_Hook->do_action(Array)
#4 /home/globalsax/public_html/demo/wp-admin/admin.php(224): do_action('toplevel_page_g...')
#5 {main}
  thrown

2018-10-26T09:48:19+00:00 CRITICAL Uncaught Error: Call to undefined function get_user_by_name() in /home/globalsax/public_html/demo/wp-content/plugins/globalsax-core/pantallaAdminGlobalsax.php:135
Stack trace:
#0 /home/globalsax/public_html/demo/wp-content/plugins/globalsax-core/pantallaAdminGlobalsax.php(28): assignClient()
#1 /home/globalsax/public_html/demo/wp-includes/class-wp-hook.php(286): theme_settings_page('')
#2 /home/globalsax/public_html/demo/wp-includes/class-wp-hook.php(310): WP_Hook->apply_filters('', Array)
#3 /home/globalsax/public_html/demo/wp-includes/plugin.php(453): WP_Hook->do_action(Array)
#4 /home/globalsax/public_html/demo/wp-admin/admin.php(224): do_action('toplevel_page_g...')
#5 {main}
  thrown

2018-10-26T09:49:16+00:00 CRITICAL Uncaught Error: Call to undefined function get_user_by_name() in /home/globalsax/public_html/demo/wp-content/plugins/globalsax-core/pantallaAdminGlobalsax.php:134
Stack trace:
#0 /home/globalsax/public_html/demo/wp-content/plugins/globalsax-core/pantallaAdminGlobalsax.php(28): assignClient()
#1 /home/globalsax/public_html/demo/wp-includes/class-wp-hook.php(286): theme_settings_page('')
#2 /home/globalsax/public_html/demo/wp-includes/class-wp-hook.php(310): WP_Hook->apply_filters('', Array)
#3 /home/globalsax/public_html/demo/wp-includes/plugin.php(453): WP_Hook->do_action(Array)
#4 /home/globalsax/public_html/demo/wp-admin/admin.php(224): do_action('toplevel_page_g...')
#5 {main}
  thrown

2018-10-26T09:49:54+00:00 CRITICAL Uncaught Error: Call to undefined function get_user_by_name() in /home/globalsax/public_html/demo/wp-content/plugins/globalsax-core/pantallaAdminGlobalsax.php:134
Stack trace:
#0 /home/globalsax/public_html/demo/wp-content/plugins/globalsax-core/pantallaAdminGlobalsax.php(28): assignClient()
#1 /home/globalsax/public_html/demo/wp-includes/class-wp-hook.php(286): theme_settings_page('')
#2 /home/globalsax/public_html/demo/wp-includes/class-wp-hook.php(310): WP_Hook->apply_filters('', Array)
#3 /home/globalsax/public_html/demo/wp-includes/plugin.php(453): WP_Hook->do_action(Array)
#4 /home/globalsax/public_html/demo/wp-admin/admin.php(224): do_action('toplevel_page_g...')
#5 {main}
  thrown

2018-10-26T09:50:43+00:00 CRITICAL Uncaught Error: Call to undefined function get_user_by_name() in /home/globalsax/public_html/demo/wp-content/plugins/globalsax-core/pantallaAdminGlobalsax.php:134
Stack trace:
#0 /home/globalsax/public_html/demo/wp-content/plugins/globalsax-core/pantallaAdminGlobalsax.php(28): assignClient()
#1 /home/globalsax/public_html/demo/wp-includes/class-wp-hook.php(286): theme_settings_page('')
#2 /home/globalsax/public_html/demo/wp-includes/class-wp-hook.php(310): WP_Hook->apply_filters('', Array)
#3 /home/globalsax/public_html/demo/wp-includes/plugin.php(453): WP_Hook->do_action(Array)
#4 /home/globalsax/public_html/demo/wp-admin/admin.php(224): do_action('toplevel_page_g...')
#5 {main}
  thrown

2018-10-26T09:52:56+00:00 CRITICAL Uncaught Error: Call to undefined function get_user_by_name() in /home/globalsax/public_html/demo/wp-content/plugins/globalsax-core/pantallaAdminGlobalsax.php:135
Stack trace:
#0 /home/globalsax/public_html/demo/wp-content/plugins/globalsax-core/pantallaAdminGlobalsax.php(28): assignClient()
#1 /home/globalsax/public_html/demo/wp-includes/class-wp-hook.php(286): theme_settings_page('')
#2 /home/globalsax/public_html/demo/wp-includes/class-wp-hook.php(310): WP_Hook->apply_filters('', Array)
#3 /home/globalsax/public_html/demo/wp-includes/plugin.php(453): WP_Hook->do_action(Array)
#4 /home/globalsax/public_html/demo/wp-admin/admin.php(224): do_action('toplevel_page_g...')
#5 {main}
  thrown

2018-10-26T09:54:01+00:00 CRITICAL Uncaught Error: Call to undefined function get_user_by_name() in /home/globalsax/public_html/demo/wp-content/plugins/globalsax-core/pantallaAdminGlobalsax.php:135
Stack trace:
#0 /home/globalsax/public_html/demo/wp-content/plugins/globalsax-core/pantallaAdminGlobalsax.php(28): assignClient()
#1 /home/globalsax/public_html/demo/wp-includes/class-wp-hook.php(286): theme_settings_page('')
#2 /home/globalsax/public_html/demo/wp-includes/class-wp-hook.php(310): WP_Hook->apply_filters('', Array)
#3 /home/globalsax/public_html/demo/wp-includes/plugin.php(453): WP_Hook->do_action(Array)
#4 /home/globalsax/public_html/demo/wp-admin/admin.php(224): do_action('toplevel_page_g...')
#5 {main}
  thrown

2018-10-26T09:54:25+00:00 CRITICAL Uncaught Error: Call to undefined function get_user_by_name() in /home/globalsax/public_html/demo/wp-content/plugins/globalsax-core/pantallaAdminGlobalsax.php:134
Stack trace:
#0 /home/globalsax/public_html/demo/wp-content/plugins/globalsax-core/pantallaAdminGlobalsax.php(28): assignClient()
#1 /home/globalsax/public_html/demo/wp-includes/class-wp-hook.php(286): theme_settings_page('')
#2 /home/globalsax/public_html/demo/wp-includes/class-wp-hook.php(310): WP_Hook->apply_filters('', Array)
#3 /home/globalsax/public_html/demo/wp-includes/plugin.php(453): WP_Hook->do_action(Array)
#4 /home/globalsax/public_html/demo/wp-admin/admin.php(224): do_action('toplevel_page_g...')
#5 {main}
  thrown

2018-10-26T09:55:45+00:00 CRITICAL Uncaught Error: Cannot use object of type stdClass as array in /home/globalsax/public_html/demo/wp-content/plugins/globalsax-core/pantallaAdminGlobalsax.php:135
Stack trace:
#0 /home/globalsax/public_html/demo/wp-content/plugins/globalsax-core/pantallaAdminGlobalsax.php(28): assignClient()
#1 /home/globalsax/public_html/demo/wp-includes/class-wp-hook.php(286): theme_settings_page('')
#2 /home/globalsax/public_html/demo/wp-includes/class-wp-hook.php(310): WP_Hook->apply_filters('', Array)
#3 /home/globalsax/public_html/demo/wp-includes/plugin.php(453): WP_Hook->do_action(Array)
#4 /home/globalsax/public_html/demo/wp-admin/admin.php(224): do_action('toplevel_page_g...')
#5 {main}
  thrown

2018-10-26T09:57:10+00:00 CRITICAL Uncaught Error: Call to undefined function get_user_by_name() in /home/globalsax/public_html/demo/wp-content/plugins/globalsax-core/pantallaAdminGlobalsax.php:136
Stack trace:
#0 /home/globalsax/public_html/demo/wp-content/plugins/globalsax-core/pantallaAdminGlobalsax.php(28): assignClient()
#1 /home/globalsax/public_html/demo/wp-includes/class-wp-hook.php(286): theme_settings_page('')
#2 /home/globalsax/public_html/demo/wp-includes/class-wp-hook.php(310): WP_Hook->apply_filters('', Array)
#3 /home/globalsax/public_html/demo/wp-includes/plugin.php(453): WP_Hook->do_action(Array)
#4 /home/globalsax/public_html/demo/wp-admin/admin.php(224): do_action('toplevel_page_g...')
#5 {main}
  thrown

2018-10-26T09:57:36+00:00 CRITICAL Uncaught Error: Cannot use object of type stdClass as array in /home/globalsax/public_html/demo/wp-content/plugins/globalsax-core/pantallaAdminGlobalsax.php:135
Stack trace:
#0 /home/globalsax/public_html/demo/wp-content/plugins/globalsax-core/pantallaAdminGlobalsax.php(28): assignClient()
#1 /home/globalsax/public_html/demo/wp-includes/class-wp-hook.php(286): theme_settings_page('')
#2 /home/globalsax/public_html/demo/wp-includes/class-wp-hook.php(310): WP_Hook->apply_filters('', Array)
#3 /home/globalsax/public_html/demo/wp-includes/plugin.php(453): WP_Hook->do_action(Array)
#4 /home/globalsax/public_html/demo/wp-admin/admin.php(224): do_action('toplevel_page_g...')
#5 {main}
  thrown

2018-10-26T09:58:03+00:00 CRITICAL Uncaught Error: Call to undefined function get_user_by_name() in /home/globalsax/public_html/demo/wp-content/plugins/globalsax-core/pantallaAdminGlobalsax.php:136
Stack trace:
#0 /home/globalsax/public_html/demo/wp-content/plugins/globalsax-core/pantallaAdminGlobalsax.php(28): assignClient()
#1 /home/globalsax/public_html/demo/wp-includes/class-wp-hook.php(286): theme_settings_page('')
#2 /home/globalsax/public_html/demo/wp-includes/class-wp-hook.php(310): WP_Hook->apply_filters('', Array)
#3 /home/globalsax/public_html/demo/wp-includes/plugin.php(453): WP_Hook->do_action(Array)
#4 /home/globalsax/public_html/demo/wp-admin/admin.php(224): do_action('toplevel_page_g...')
#5 {main}
  thrown

2018-10-26T09:58:38+00:00 CRITICAL Uncaught Error: Call to undefined function get_user_by_name() in /home/globalsax/public_html/demo/wp-content/plugins/globalsax-core/pantallaAdminGlobalsax.php:135
Stack trace:
#0 /home/globalsax/public_html/demo/wp-content/plugins/globalsax-core/pantallaAdminGlobalsax.php(28): assignClient()
#1 /home/globalsax/public_html/demo/wp-includes/class-wp-hook.php(286): theme_settings_page('')
#2 /home/globalsax/public_html/demo/wp-includes/class-wp-hook.php(310): WP_Hook->apply_filters('', Array)
#3 /home/globalsax/public_html/demo/wp-includes/plugin.php(453): WP_Hook->do_action(Array)
#4 /home/globalsax/public_html/demo/wp-admin/admin.php(224): do_action('toplevel_page_g...')
#5 {main}
  thrown

2018-10-26T11:19:02+00:00 CRITICAL Uncaught Error: Function name must be a string in /home/globalsax/public_html/demo/wp-content/plugins/globalsax-core/pantallaAdminGlobalsax.php:157
Stack trace:
#0 /home/globalsax/public_html/demo/wp-content/plugins/globalsax-core/pantallaAdminGlobalsax.php(28): assignClient()
#1 /home/globalsax/public_html/demo/wp-includes/class-wp-hook.php(286): theme_settings_page('')
#2 /home/globalsax/public_html/demo/wp-includes/class-wp-hook.php(310): WP_Hook->apply_filters('', Array)
#3 /home/globalsax/public_html/demo/wp-includes/plugin.php(453): WP_Hook->do_action(Array)
#4 /home/globalsax/public_html/demo/wp-admin/admin.php(224): do_action('toplevel_page_g...')
#5 {main}
  thrown

2018-10-26T11:56:50+00:00 CRITICAL Uncaught Error: Function name must be a string in /home/globalsax/public_html/demo/wp-content/plugins/globalsax-core/pantallaAdminGlobalsax.php:139
Stack trace:
#0 /home/globalsax/public_html/demo/wp-content/plugins/globalsax-core/pantallaAdminGlobalsax.php(28): assignClient()
#1 /home/globalsax/public_html/demo/wp-includes/class-wp-hook.php(286): theme_settings_page('')
#2 /home/globalsax/public_html/demo/wp-includes/class-wp-hook.php(310): WP_Hook->apply_filters('', Array)
#3 /home/globalsax/public_html/demo/wp-includes/plugin.php(453): WP_Hook->do_action(Array)
#4 /home/globalsax/public_html/demo/wp-admin/admin.php(224): do_action('toplevel_page_g...')
#5 {main}
  thrown

2018-10-26T11:56:52+00:00 CRITICAL Uncaught Error: Function name must be a string in /home/globalsax/public_html/demo/wp-content/plugins/globalsax-core/pantallaAdminGlobalsax.php:139
Stack trace:
#0 /home/globalsax/public_html/demo/wp-content/plugins/globalsax-core/pantallaAdminGlobalsax.php(28): assignClient()
#1 /home/globalsax/public_html/demo/wp-includes/class-wp-hook.php(286): theme_settings_page('')
#2 /home/globalsax/public_html/demo/wp-includes/class-wp-hook.php(310): WP_Hook->apply_filters('', Array)
#3 /home/globalsax/public_html/demo/wp-includes/plugin.php(453): WP_Hook->do_action(Array)
#4 /home/globalsax/public_html/demo/wp-admin/admin.php(224): do_action('toplevel_page_g...')
#5 {main}
  thrown

2018-10-26T11:56:54+00:00 CRITICAL Uncaught Error: Function name must be a string in /home/globalsax/public_html/demo/wp-content/plugins/globalsax-core/pantallaAdminGlobalsax.php:139
Stack trace:
#0 /home/globalsax/public_html/demo/wp-content/plugins/globalsax-core/pantallaAdminGlobalsax.php(28): assignClient()
#1 /home/globalsax/public_html/demo/wp-includes/class-wp-hook.php(286): theme_settings_page('')
#2 /home/globalsax/public_html/demo/wp-includes/class-wp-hook.php(310): WP_Hook->apply_filters('', Array)
#3 /home/globalsax/public_html/demo/wp-includes/plugin.php(453): WP_Hook->do_action(Array)
#4 /home/globalsax/public_html/demo/wp-admin/admin.php(224): do_action('toplevel_page_g...')
#5 {main}
  thrown

2018-10-26T15:36:52+00:00 CRITICAL Uncaught Error: Call to undefined function get_result() in /home/globalsax/public_html/demo/wp-content/plugins/globalsax-core/pantallaAdminGlobalsax.php:143
Stack trace:
#0 /home/globalsax/public_html/demo/wp-content/plugins/globalsax-core/pantallaAdminGlobalsax.php(204): get_GS_clients()
#1 /home/globalsax/public_html/demo/wp-content/plugins/globalsax-core/pantallaAdminGlobalsax.php(28): assignClient()
#2 /home/globalsax/public_html/demo/wp-includes/class-wp-hook.php(286): theme_settings_page('')
#3 /home/globalsax/public_html/demo/wp-includes/class-wp-hook.php(310): WP_Hook->apply_filters('', Array)
#4 /home/globalsax/public_html/demo/wp-includes/plugin.php(453): WP_Hook->do_action(Array)
#5 /home/globalsax/public_html/demo/wp-admin/admin.php(224): do_action('toplevel_page_g...')
#6 {main}
  thrown

2018-10-26T15:37:35+00:00 CRITICAL Uncaught Error: Call to undefined function get_result() in /home/globalsax/public_html/demo/wp-content/plugins/globalsax-core/pantallaAdminGlobalsax.php:143
Stack trace:
#0 /home/globalsax/public_html/demo/wp-content/plugins/globalsax-core/pantallaAdminGlobalsax.php(204): get_GS_clients()
#1 /home/globalsax/public_html/demo/wp-content/plugins/globalsax-core/pantallaAdminGlobalsax.php(28): assignClient()
#2 /home/globalsax/public_html/demo/wp-includes/class-wp-hook.php(286): theme_settings_page('')
#3 /home/globalsax/public_html/demo/wp-includes/class-wp-hook.php(310): WP_Hook->apply_filters('', Array)
#4 /home/globalsax/public_html/demo/wp-includes/plugin.php(453): WP_Hook->do_action(Array)
#5 /home/globalsax/public_html/demo/wp-admin/admin.php(224): do_action('toplevel_page_g...')
#6 {main}
  thrown

2018-10-26T15:37:39+00:00 CRITICAL Uncaught Error: Call to undefined function get_result() in /home/globalsax/public_html/demo/wp-content/plugins/globalsax-core/pantallaAdminGlobalsax.php:143
Stack trace:
#0 /home/globalsax/public_html/demo/wp-content/plugins/globalsax-core/pantallaAdminGlobalsax.php(204): get_GS_clients()
#1 /home/globalsax/public_html/demo/wp-content/plugins/globalsax-core/pantallaAdminGlobalsax.php(28): assignClient()
#2 /home/globalsax/public_html/demo/wp-includes/class-wp-hook.php(286): theme_settings_page('')
#3 /home/globalsax/public_html/demo/wp-includes/class-wp-hook.php(310): WP_Hook->apply_filters('', Array)
#4 /home/globalsax/public_html/demo/wp-includes/plugin.php(453): WP_Hook->do_action(Array)
#5 /home/globalsax/public_html/demo/wp-admin/admin.php(224): do_action('toplevel_page_g...')
#6 {main}
  thrown

2018-10-26T15:37:52+00:00 CRITICAL Uncaught Error: Call to undefined function get_results() in /home/globalsax/public_html/demo/wp-content/plugins/globalsax-core/pantallaAdminGlobalsax.php:143
Stack trace:
#0 /home/globalsax/public_html/demo/wp-content/plugins/globalsax-core/pantallaAdminGlobalsax.php(204): get_GS_clients()
#1 /home/globalsax/public_html/demo/wp-content/plugins/globalsax-core/pantallaAdminGlobalsax.php(28): assignClient()
#2 /home/globalsax/public_html/demo/wp-includes/class-wp-hook.php(286): theme_settings_page('')
#3 /home/globalsax/public_html/demo/wp-includes/class-wp-hook.php(310): WP_Hook->apply_filters('', Array)
#4 /home/globalsax/public_html/demo/wp-includes/plugin.php(453): WP_Hook->do_action(Array)
#5 /home/globalsax/public_html/demo/wp-admin/admin.php(224): do_action('toplevel_page_g...')
#6 {main}
  thrown

2018-10-26T15:38:03+00:00 CRITICAL Uncaught Error: Call to undefined function get_results() in /home/globalsax/public_html/demo/wp-content/plugins/globalsax-core/pantallaAdminGlobalsax.php:143
Stack trace:
#0 /home/globalsax/public_html/demo/wp-content/plugins/globalsax-core/pantallaAdminGlobalsax.php(204): get_GS_clients()
#1 /home/globalsax/public_html/demo/wp-content/plugins/globalsax-core/pantallaAdminGlobalsax.php(28): assignClient()
#2 /home/globalsax/public_html/demo/wp-includes/class-wp-hook.php(286): theme_settings_page('')
#3 /home/globalsax/public_html/demo/wp-includes/class-wp-hook.php(310): WP_Hook->apply_filters('', Array)
#4 /home/globalsax/public_html/demo/wp-includes/plugin.php(453): WP_Hook->do_action(Array)
#5 /home/globalsax/public_html/demo/wp-admin/admin.php(224): do_action('toplevel_page_g...')
#6 {main}
  thrown

2018-10-26T15:39:02+00:00 CRITICAL Uncaught Error: Call to undefined function get_results() in /home/globalsax/public_html/demo/wp-content/plugins/globalsax-core/pantallaAdminGlobalsax.php:143
Stack trace:
#0 /home/globalsax/public_html/demo/wp-content/plugins/globalsax-core/pantallaAdminGlobalsax.php(204): get_GS_clients()
#1 /home/globalsax/public_html/demo/wp-content/plugins/globalsax-core/pantallaAdminGlobalsax.php(28): assignClient()
#2 /home/globalsax/public_html/demo/wp-includes/class-wp-hook.php(286): theme_settings_page('')
#3 /home/globalsax/public_html/demo/wp-includes/class-wp-hook.php(310): WP_Hook->apply_filters('', Array)
#4 /home/globalsax/public_html/demo/wp-includes/plugin.php(453): WP_Hook->do_action(Array)
#5 /home/globalsax/public_html/demo/wp-admin/admin.php(224): do_action('toplevel_page_g...')
#6 {main}
  thrown

2018-10-26T15:39:35+00:00 CRITICAL Uncaught Error: Call to undefined function get_results() in /home/globalsax/public_html/demo/wp-content/plugins/globalsax-core/pantallaAdminGlobalsax.php:143
Stack trace:
#0 /home/globalsax/public_html/demo/wp-content/plugins/globalsax-core/pantallaAdminGlobalsax.php(205): get_GS_clients()
#1 /home/globalsax/public_html/demo/wp-content/plugins/globalsax-core/pantallaAdminGlobalsax.php(28): assignClient()
#2 /home/globalsax/public_html/demo/wp-includes/class-wp-hook.php(286): theme_settings_page('')
#3 /home/globalsax/public_html/demo/wp-includes/class-wp-hook.php(310): WP_Hook->apply_filters('', Array)
#4 /home/globalsax/public_html/demo/wp-includes/plugin.php(453): WP_Hook->do_action(Array)
#5 /home/globalsax/public_html/demo/wp-admin/admin.php(224): do_action('toplevel_page_g...')
#6 {main}
  thrown

2018-10-26T15:41:14+00:00 CRITICAL Uncaught Error: Call to undefined function get_results() in /home/globalsax/public_html/demo/wp-content/plugins/globalsax-core/pantallaAdminGlobalsax.php:143
Stack trace:
#0 /home/globalsax/public_html/demo/wp-content/plugins/globalsax-core/pantallaAdminGlobalsax.php(204): get_GS_clients()
#1 /home/globalsax/public_html/demo/wp-content/plugins/globalsax-core/pantallaAdminGlobalsax.php(28): assignClient()
#2 /home/globalsax/public_html/demo/wp-includes/class-wp-hook.php(286): theme_settings_page('')
#3 /home/globalsax/public_html/demo/wp-includes/class-wp-hook.php(310): WP_Hook->apply_filters('', Array)
#4 /home/globalsax/public_html/demo/wp-includes/plugin.php(453): WP_Hook->do_action(Array)
#5 /home/globalsax/public_html/demo/wp-admin/admin.php(224): do_action('toplevel_page_g...')
#6 {main}
  thrown

2018-10-26T15:41:45+00:00 CRITICAL Uncaught Error: Call to undefined function get_results() in /home/globalsax/public_html/demo/wp-content/plugins/globalsax-core/pantallaAdminGlobalsax.php:143
Stack trace:
#0 /home/globalsax/public_html/demo/wp-content/plugins/globalsax-core/pantallaAdminGlobalsax.php(204): get_GS_clients()
#1 /home/globalsax/public_html/demo/wp-content/plugins/globalsax-core/pantallaAdminGlobalsax.php(28): assignClient()
#2 /home/globalsax/public_html/demo/wp-includes/class-wp-hook.php(286): theme_settings_page('')
#3 /home/globalsax/public_html/demo/wp-includes/class-wp-hook.php(310): WP_Hook->apply_filters('', Array)
#4 /home/globalsax/public_html/demo/wp-includes/plugin.php(453): WP_Hook->do_action(Array)
#5 /home/globalsax/public_html/demo/wp-admin/admin.php(224): do_action('toplevel_page_g...')
#6 {main}
  thrown

2018-10-26T15:42:27+00:00 CRITICAL Uncaught Error: Call to undefined function get_results() in /home/globalsax/public_html/demo/wp-content/plugins/globalsax-core/pantallaAdminGlobalsax.php:144
Stack trace:
#0 /home/globalsax/public_html/demo/wp-content/plugins/globalsax-core/pantallaAdminGlobalsax.php(205): get_GS_clients()
#1 /home/globalsax/public_html/demo/wp-content/plugins/globalsax-core/pantallaAdminGlobalsax.php(28): assignClient()
#2 /home/globalsax/public_html/demo/wp-includes/class-wp-hook.php(286): theme_settings_page('')
#3 /home/globalsax/public_html/demo/wp-includes/class-wp-hook.php(310): WP_Hook->apply_filters('', Array)
#4 /home/globalsax/public_html/demo/wp-includes/plugin.php(453): WP_Hook->do_action(Array)
#5 /home/globalsax/public_html/demo/wp-admin/admin.php(224): do_action('toplevel_page_g...')
#6 {main}
  thrown

2018-10-26T15:44:13+00:00 CRITICAL Uncaught Error: Call to undefined function get_results() in /home/globalsax/public_html/demo/wp-content/plugins/globalsax-core/pantallaAdminGlobalsax.php:143
Stack trace:
#0 /home/globalsax/public_html/demo/wp-content/plugins/globalsax-core/pantallaAdminGlobalsax.php(204): get_GS_clients()
#1 /home/globalsax/public_html/demo/wp-content/plugins/globalsax-core/pantallaAdminGlobalsax.php(28): assignClient()
#2 /home/globalsax/public_html/demo/wp-includes/class-wp-hook.php(286): theme_settings_page('')
#3 /home/globalsax/public_html/demo/wp-includes/class-wp-hook.php(310): WP_Hook->apply_filters('', Array)
#4 /home/globalsax/public_html/demo/wp-includes/plugin.php(453): WP_Hook->do_action(Array)
#5 /home/globalsax/public_html/demo/wp-admin/admin.php(224): do_action('toplevel_page_g...')
#6 {main}
  thrown

2018-10-26T15:45:07+00:00 CRITICAL Uncaught Error: Call to undefined function get_results() in /home/globalsax/public_html/demo/wp-content/plugins/globalsax-core/pantallaAdminGlobalsax.php:143
Stack trace:
#0 /home/globalsax/public_html/demo/wp-content/plugins/globalsax-core/pantallaAdminGlobalsax.php(204): get_GS_clients()
#1 /home/globalsax/public_html/demo/wp-content/plugins/globalsax-core/pantallaAdminGlobalsax.php(28): assignClient()
#2 /home/globalsax/public_html/demo/wp-includes/class-wp-hook.php(286): theme_settings_page('')
#3 /home/globalsax/public_html/demo/wp-includes/class-wp-hook.php(310): WP_Hook->apply_filters('', Array)
#4 /home/globalsax/public_html/demo/wp-includes/plugin.php(453): WP_Hook->do_action(Array)
#5 /home/globalsax/public_html/demo/wp-admin/admin.php(224): do_action('toplevel_page_g...')
#6 {main}
  thrown

2018-10-26T15:46:09+00:00 CRITICAL Uncaught Error: Call to undefined function get_results() in /home/globalsax/public_html/demo/wp-content/plugins/globalsax-core/pantallaAdminGlobalsax.php:143
Stack trace:
#0 /home/globalsax/public_html/demo/wp-content/plugins/globalsax-core/pantallaAdminGlobalsax.php(205): get_GS_clients()
#1 /home/globalsax/public_html/demo/wp-content/plugins/globalsax-core/pantallaAdminGlobalsax.php(28): assignClient()
#2 /home/globalsax/public_html/demo/wp-includes/class-wp-hook.php(286): theme_settings_page('')
#3 /home/globalsax/public_html/demo/wp-includes/class-wp-hook.php(310): WP_Hook->apply_filters('', Array)
#4 /home/globalsax/public_html/demo/wp-includes/plugin.php(453): WP_Hook->do_action(Array)
#5 /home/globalsax/public_html/demo/wp-admin/admin.php(224): do_action('toplevel_page_g...')
#6 {main}
  thrown

2018-10-26T15:46:15+00:00 CRITICAL Uncaught Error: Call to undefined function get_results() in /home/globalsax/public_html/demo/wp-content/plugins/globalsax-core/pantallaAdminGlobalsax.php:143
Stack trace:
#0 /home/globalsax/public_html/demo/wp-content/plugins/globalsax-core/pantallaAdminGlobalsax.php(205): get_GS_clients()
#1 /home/globalsax/public_html/demo/wp-content/plugins/globalsax-core/pantallaAdminGlobalsax.php(28): assignClient()
#2 /home/globalsax/public_html/demo/wp-includes/class-wp-hook.php(286): theme_settings_page('')
#3 /home/globalsax/public_html/demo/wp-includes/class-wp-hook.php(310): WP_Hook->apply_filters('', Array)
#4 /home/globalsax/public_html/demo/wp-includes/plugin.php(453): WP_Hook->do_action(Array)
#5 /home/globalsax/public_html/demo/wp-admin/admin.php(224): do_action('toplevel_page_g...')
#6 {main}
  thrown

2018-10-26T15:46:31+00:00 CRITICAL Uncaught Exception: Error Processing Request in /home/globalsax/public_html/demo/wp-content/plugins/globalsax-core/pantallaAdminGlobalsax.php:204
Stack trace:
#0 /home/globalsax/public_html/demo/wp-content/plugins/globalsax-core/pantallaAdminGlobalsax.php(28): assignClient()
#1 /home/globalsax/public_html/demo/wp-includes/class-wp-hook.php(286): theme_settings_page('')
#2 /home/globalsax/public_html/demo/wp-includes/class-wp-hook.php(310): WP_Hook->apply_filters('', Array)
#3 /home/globalsax/public_html/demo/wp-includes/plugin.php(453): WP_Hook->do_action(Array)
#4 /home/globalsax/public_html/demo/wp-admin/admin.php(224): do_action('toplevel_page_g...')
#5 {main}
  thrown

2018-10-26T15:48:22+00:00 CRITICAL Uncaught Error: Call to undefined function get_results() in /home/globalsax/public_html/demo/wp-content/plugins/globalsax-core/pantallaAdminGlobalsax.php:143
Stack trace:
#0 /home/globalsax/public_html/demo/wp-content/plugins/globalsax-core/pantallaAdminGlobalsax.php(204): get_GS_clients()
#1 /home/globalsax/public_html/demo/wp-content/plugins/globalsax-core/pantallaAdminGlobalsax.php(28): assignClient()
#2 /home/globalsax/public_html/demo/wp-includes/class-wp-hook.php(286): theme_settings_page('')
#3 /home/globalsax/public_html/demo/wp-includes/class-wp-hook.php(310): WP_Hook->apply_filters('', Array)
#4 /home/globalsax/public_html/demo/wp-includes/plugin.php(453): WP_Hook->do_action(Array)
#5 /home/globalsax/public_html/demo/wp-admin/admin.php(224): do_action('toplevel_page_g...')
#6 {main}
  thrown

2018-10-26T15:48:28+00:00 CRITICAL Uncaught Error: Call to undefined function get_results() in /home/globalsax/public_html/demo/wp-content/plugins/globalsax-core/pantallaAdminGlobalsax.php:143
Stack trace:
#0 /home/globalsax/public_html/demo/wp-content/plugins/globalsax-core/pantallaAdminGlobalsax.php(204): get_GS_clients()
#1 /home/globalsax/public_html/demo/wp-content/plugins/globalsax-core/pantallaAdminGlobalsax.php(28): assignClient()
#2 /home/globalsax/public_html/demo/wp-includes/class-wp-hook.php(286): theme_settings_page('')
#3 /home/globalsax/public_html/demo/wp-includes/class-wp-hook.php(310): WP_Hook->apply_filters('', Array)
#4 /home/globalsax/public_html/demo/wp-includes/plugin.php(453): WP_Hook->do_action(Array)
#5 /home/globalsax/public_html/demo/wp-admin/admin.php(224): do_action('toplevel_page_g...')
#6 {main}
  thrown

2018-10-26T15:49:32+00:00 CRITICAL Uncaught Error: Call to undefined function get_results() in /home/globalsax/public_html/demo/wp-content/plugins/globalsax-core/pantallaAdminGlobalsax.php:153
Stack trace:
#0 /home/globalsax/public_html/demo/wp-content/plugins/globalsax-core/pantallaAdminGlobalsax.php(204): get_GS_client(1)
#1 /home/globalsax/public_html/demo/wp-content/plugins/globalsax-core/pantallaAdminGlobalsax.php(28): assignClient()
#2 /home/globalsax/public_html/demo/wp-includes/class-wp-hook.php(286): theme_settings_page('')
#3 /home/globalsax/public_html/demo/wp-includes/class-wp-hook.php(310): WP_Hook->apply_filters('', Array)
#4 /home/globalsax/public_html/demo/wp-includes/plugin.php(453): WP_Hook->do_action(Array)
#5 /home/globalsax/public_html/demo/wp-admin/admin.php(224): do_action('toplevel_page_g...')
#6 {main}
  thrown

2018-10-26T15:50:41+00:00 CRITICAL Uncaught Error: Call to undefined function get_results() in /home/globalsax/public_html/demo/wp-content/plugins/globalsax-core/pantallaAdminGlobalsax.php:154
Stack trace:
#0 /home/globalsax/public_html/demo/wp-content/plugins/globalsax-core/pantallaAdminGlobalsax.php(205): get_GS_client(1)
#1 /home/globalsax/public_html/demo/wp-content/plugins/globalsax-core/pantallaAdminGlobalsax.php(28): assignClient()
#2 /home/globalsax/public_html/demo/wp-includes/class-wp-hook.php(286): theme_settings_page('')
#3 /home/globalsax/public_html/demo/wp-includes/class-wp-hook.php(310): WP_Hook->apply_filters('', Array)
#4 /home/globalsax/public_html/demo/wp-includes/plugin.php(453): WP_Hook->do_action(Array)
#5 /home/globalsax/public_html/demo/wp-admin/admin.php(224): do_action('toplevel_page_g...')
#6 {main}
  thrown

2018-10-26T15:51:44+00:00 CRITICAL Uncaught Error: Call to undefined function get_results() in /home/globalsax/public_html/demo/wp-content/plugins/globalsax-core/pantallaAdminGlobalsax.php:143
Stack trace:
#0 /home/globalsax/public_html/demo/wp-content/plugins/globalsax-core/pantallaAdminGlobalsax.php(205): get_GS_clients()
#1 /home/globalsax/public_html/demo/wp-content/plugins/globalsax-core/pantallaAdminGlobalsax.php(28): assignClient()
#2 /home/globalsax/public_html/demo/wp-includes/class-wp-hook.php(286): theme_settings_page('')
#3 /home/globalsax/public_html/demo/wp-includes/class-wp-hook.php(310): WP_Hook->apply_filters('', Array)
#4 /home/globalsax/public_html/demo/wp-includes/plugin.php(453): WP_Hook->do_action(Array)
#5 /home/globalsax/public_html/demo/wp-admin/admin.php(224): do_action('toplevel_page_g...')
#6 {main}
  thrown

2018-10-26T15:53:05+00:00 CRITICAL Uncaught Error: Call to undefined function get_results() in /home/globalsax/public_html/demo/wp-content/plugins/globalsax-core/pantallaAdminGlobalsax.php:143
Stack trace:
#0 /home/globalsax/public_html/demo/wp-content/plugins/globalsax-core/pantallaAdminGlobalsax.php(205): get_GS_clients()
#1 /home/globalsax/public_html/demo/wp-content/plugins/globalsax-core/pantallaAdminGlobalsax.php(28): assignClient()
#2 /home/globalsax/public_html/demo/wp-includes/class-wp-hook.php(286): theme_settings_page('')
#3 /home/globalsax/public_html/demo/wp-includes/class-wp-hook.php(310): WP_Hook->apply_filters('', Array)
#4 /home/globalsax/public_html/demo/wp-includes/plugin.php(453): WP_Hook->do_action(Array)
#5 /home/globalsax/public_html/demo/wp-admin/admin.php(224): do_action('toplevel_page_g...')
#6 {main}
  thrown

2018-10-26T15:53:32+00:00 CRITICAL Uncaught Error: Call to undefined function get_results() in /home/globalsax/public_html/demo/wp-content/plugins/globalsax-core/pantallaAdminGlobalsax.php:143
Stack trace:
#0 /home/globalsax/public_html/demo/wp-content/plugins/globalsax-core/pantallaAdminGlobalsax.php(205): get_GS_clients()
#1 /home/globalsax/public_html/demo/wp-content/plugins/globalsax-core/pantallaAdminGlobalsax.php(28): assignClient()
#2 /home/globalsax/public_html/demo/wp-includes/class-wp-hook.php(286): theme_settings_page('')
#3 /home/globalsax/public_html/demo/wp-includes/class-wp-hook.php(310): WP_Hook->apply_filters('', Array)
#4 /home/globalsax/public_html/demo/wp-includes/plugin.php(453): WP_Hook->do_action(Array)
#5 /home/globalsax/public_html/demo/wp-admin/admin.php(224): do_action('toplevel_page_g...')
#6 {main}
  thrown

2018-10-26T15:54:32+00:00 CRITICAL Uncaught Error: Call to undefined function get_results() in /home/globalsax/public_html/demo/wp-content/plugins/globalsax-core/pantallaAdminGlobalsax.php:143
Stack trace:
#0 /home/globalsax/public_html/demo/wp-content/plugins/globalsax-core/pantallaAdminGlobalsax.php(206): get_GS_clients()
#1 /home/globalsax/public_html/demo/wp-content/plugins/globalsax-core/pantallaAdminGlobalsax.php(28): assignClient()
#2 /home/globalsax/public_html/demo/wp-includes/class-wp-hook.php(286): theme_settings_page('')
#3 /home/globalsax/public_html/demo/wp-includes/class-wp-hook.php(310): WP_Hook->apply_filters('', Array)
#4 /home/globalsax/public_html/demo/wp-includes/plugin.php(453): WP_Hook->do_action(Array)
#5 /home/globalsax/public_html/demo/wp-admin/admin.php(224): do_action('toplevel_page_g...')
#6 {main}
  thrown

2018-10-26T15:56:40+00:00 CRITICAL Uncaught Error: Call to undefined function get_results() in /home/globalsax/public_html/demo/wp-content/plugins/globalsax-core/pantallaAdminGlobalsax.php:143
Stack trace:
#0 /home/globalsax/public_html/demo/wp-content/plugins/globalsax-core/pantallaAdminGlobalsax.php(205): get_GS_clients()
#1 /home/globalsax/public_html/demo/wp-content/plugins/globalsax-core/pantallaAdminGlobalsax.php(28): assignClient()
#2 /home/globalsax/public_html/demo/wp-includes/class-wp-hook.php(286): theme_settings_page('')
#3 /home/globalsax/public_html/demo/wp-includes/class-wp-hook.php(310): WP_Hook->apply_filters('', Array)
#4 /home/globalsax/public_html/demo/wp-includes/plugin.php(453): WP_Hook->do_action(Array)
#5 /home/globalsax/public_html/demo/wp-admin/admin.php(224): do_action('toplevel_page_g...')
#6 {main}
  thrown

2018-10-26T15:57:17+00:00 CRITICAL Uncaught Error: Call to undefined function get_results() in /home/globalsax/public_html/demo/wp-content/plugins/globalsax-core/pantallaAdminGlobalsax.php:143
Stack trace:
#0 /home/globalsax/public_html/demo/wp-content/plugins/globalsax-core/pantallaAdminGlobalsax.php(205): get_GS_clients()
#1 /home/globalsax/public_html/demo/wp-content/plugins/globalsax-core/pantallaAdminGlobalsax.php(28): assignClient()
#2 /home/globalsax/public_html/demo/wp-includes/class-wp-hook.php(286): theme_settings_page('')
#3 /home/globalsax/public_html/demo/wp-includes/class-wp-hook.php(310): WP_Hook->apply_filters('', Array)
#4 /home/globalsax/public_html/demo/wp-includes/plugin.php(453): WP_Hook->do_action(Array)
#5 /home/globalsax/public_html/demo/wp-admin/admin.php(224): do_action('toplevel_page_g...')
#6 {main}
  thrown

2018-10-26T15:57:56+00:00 CRITICAL Uncaught Error: Call to undefined function get_results() in /home/globalsax/public_html/demo/wp-content/plugins/globalsax-core/pantallaAdminGlobalsax.php:143
Stack trace:
#0 /home/globalsax/public_html/demo/wp-content/plugins/globalsax-core/pantallaAdminGlobalsax.php(205): get_GS_clients()
#1 /home/globalsax/public_html/demo/wp-content/plugins/globalsax-core/pantallaAdminGlobalsax.php(28): assignClient()
#2 /home/globalsax/public_html/demo/wp-includes/class-wp-hook.php(286): theme_settings_page('')
#3 /home/globalsax/public_html/demo/wp-includes/class-wp-hook.php(310): WP_Hook->apply_filters('', Array)
#4 /home/globalsax/public_html/demo/wp-includes/plugin.php(453): WP_Hook->do_action(Array)
#5 /home/globalsax/public_html/demo/wp-admin/admin.php(224): do_action('toplevel_page_g...')
#6 {main}
  thrown

2018-10-26T15:59:06+00:00 CRITICAL Uncaught Error: Call to undefined function get_results() in /home/globalsax/public_html/demo/wp-content/plugins/globalsax-core/pantallaAdminGlobalsax.php:154
Stack trace:
#0 /home/globalsax/public_html/demo/wp-content/plugins/globalsax-core/pantallaAdminGlobalsax.php(190): get_GS_client(NULL)
#1 /home/globalsax/public_html/demo/wp-content/plugins/globalsax-core/pantallaAdminGlobalsax.php(28): assignClient()
#2 /home/globalsax/public_html/demo/wp-includes/class-wp-hook.php(286): theme_settings_page('')
#3 /home/globalsax/public_html/demo/wp-includes/class-wp-hook.php(310): WP_Hook->apply_filters('', Array)
#4 /home/globalsax/public_html/demo/wp-includes/plugin.php(453): WP_Hook->do_action(Array)
#5 /home/globalsax/public_html/demo/wp-admin/admin.php(224): do_action('toplevel_page_g...')
#6 {main}
  thrown

2018-10-26T16:01:36+00:00 CRITICAL Uncaught Error: Call to undefined function get_results() in /home/globalsax/public_html/demo/wp-content/plugins/globalsax-core/pantallaAdminGlobalsax.php:143
Stack trace:
#0 /home/globalsax/public_html/demo/wp-content/plugins/globalsax-core/pantallaAdminGlobalsax.php(205): get_GS_clients()
#1 /home/globalsax/public_html/demo/wp-content/plugins/globalsax-core/pantallaAdminGlobalsax.php(28): assignClient()
#2 /home/globalsax/public_html/demo/wp-includes/class-wp-hook.php(286): theme_settings_page('')
#3 /home/globalsax/public_html/demo/wp-includes/class-wp-hook.php(310): WP_Hook->apply_filters('', Array)
#4 /home/globalsax/public_html/demo/wp-includes/plugin.php(453): WP_Hook->do_action(Array)
#5 /home/globalsax/public_html/demo/wp-admin/admin.php(224): do_action('toplevel_page_g...')
#6 {main}
  thrown

2018-10-26T16:19:44+00:00 CRITICAL Uncaught Error: Call to undefined method wpdb::get_result() in /home/globalsax/public_html/demo/wp-content/plugins/globalsax-core/pantallaAdminGlobalsax.php:155
Stack trace:
#0 /home/globalsax/public_html/demo/wp-content/plugins/globalsax-core/pantallaAdminGlobalsax.php(191): get_GS_client('2')
#1 /home/globalsax/public_html/demo/wp-content/plugins/globalsax-core/pantallaAdminGlobalsax.php(28): assignClient()
#2 /home/globalsax/public_html/demo/wp-includes/class-wp-hook.php(286): theme_settings_page('')
#3 /home/globalsax/public_html/demo/wp-includes/class-wp-hook.php(310): WP_Hook->apply_filters('', Array)
#4 /home/globalsax/public_html/demo/wp-includes/plugin.php(453): WP_Hook->do_action(Array)
#5 /home/globalsax/public_html/demo/wp-admin/admin.php(224): do_action('toplevel_page_g...')
#6 {main}
  thrown

2018-10-29T10:54:11+00:00 CRITICAL Uncaught Error: Call to a member function get_results() on null in /home/globalsax/public_html/demo/wp-content/themes/Avada/woocommerce/cart/cart.php:67
Stack trace:
#0 /home/globalsax/public_html/demo/wp-content/plugins/woocommerce/includes/wc-core-functions.php(211): include()
#1 /home/globalsax/public_html/demo/wp-content/plugins/woocommerce/includes/shortcodes/class-wc-shortcode-cart.php(87): wc_get_template('cart/cart.php')
#2 /home/globalsax/public_html/demo/wp-content/plugins/woocommerce/includes/class-wc-shortcodes.php(76): WC_Shortcode_Cart::output(Array)
#3 /home/globalsax/public_html/demo/wp-content/plugins/woocommerce/includes/class-wc-shortcodes.php(89): WC_Shortcodes::shortcode_wrapper(Array)
#4 /home/globalsax/public_html/demo/wp-includes/shortcodes.php(319): WC_Shortcodes::cart('', '', 'woocommerce_car...')
#5 [internal function]: do_shortcode_tag(Array)
#6 /home/globalsax/public_html/demo/wp-includes/shortcodes.php(197): preg_replace_callback('/\\[(\\[?)(woocom...', 'do_shortcode_ta...', '[wo

2018-10-29T10:56:09+00:00 CRITICAL Uncaught Error: Call to a member function get_results() on null in /home/globalsax/public_html/demo/wp-content/themes/Avada/woocommerce/cart/cart.php:67
Stack trace:
#0 /home/globalsax/public_html/demo/wp-content/plugins/woocommerce/includes/wc-core-functions.php(211): include()
#1 /home/globalsax/public_html/demo/wp-content/plugins/woocommerce/includes/shortcodes/class-wc-shortcode-cart.php(87): wc_get_template('cart/cart.php')
#2 /home/globalsax/public_html/demo/wp-content/plugins/woocommerce/includes/class-wc-shortcodes.php(76): WC_Shortcode_Cart::output(Array)
#3 /home/globalsax/public_html/demo/wp-content/plugins/woocommerce/includes/class-wc-shortcodes.php(89): WC_Shortcodes::shortcode_wrapper(Array)
#4 /home/globalsax/public_html/demo/wp-includes/shortcodes.php(319): WC_Shortcodes::cart('', '', 'woocommerce_car...')
#5 [internal function]: do_shortcode_tag(Array)
#6 /home/globalsax/public_html/demo/wp-includes/shortcodes.php(197): preg_replace_callback('/\\[(\\[?)(woocom...', 'do_shortcode_ta...', '[wo

2018-10-29T12:56:53+00:00 CRITICAL Uncaught Error: Call to a member function get_id() on null in /home/globalsax/public_html/demo/wp-content/plugins/globalsax-core/funcionalidades/gbs_catalogo.php:209
Stack trace:
#0 /home/globalsax/public_html/demo/wp-content/plugins/globalsax-core/funcionalidades/gbs_catalogo.php(186): gbs_biuld_ws_object(5, Array, Object(WC_Order))
#1 /home/globalsax/public_html/demo/wp-includes/class-wp-hook.php(286): gbs_create_order('')
#2 /home/globalsax/public_html/demo/wp-includes/class-wp-hook.php(310): WP_Hook->apply_filters('', Array)
#3 /home/globalsax/public_html/demo/wp-includes/plugin.php(453): WP_Hook->do_action(Array)
#4 /home/globalsax/public_html/demo/wp-admin/admin-ajax.php(100): do_action('wp_ajax_gbs_cre...')
#5 {main}
  thrown

2018-10-29T16:47:57+00:00 CRITICAL Uncaught Error: Call to a member function get_id() on null in /home/globalsax/public_html/demo/wp-content/plugins/globalsax-core/funcionalidades/gbs_catalogo.php:209
Stack trace:
#0 /home/globalsax/public_html/demo/wp-content/plugins/globalsax-core/funcionalidades/gbs_catalogo.php(186): gbs_biuld_ws_object(5, Array, Object(WC_Order))
#1 /home/globalsax/public_html/demo/wp-includes/class-wp-hook.php(286): gbs_create_order('')
#2 /home/globalsax/public_html/demo/wp-includes/class-wp-hook.php(310): WP_Hook->apply_filters('', Array)
#3 /home/globalsax/public_html/demo/wp-includes/plugin.php(453): WP_Hook->do_action(Array)
#4 /home/globalsax/public_html/demo/wp-admin/admin-ajax.php(100): do_action('wp_ajax_gbs_cre...')
#5 {main}
  thrown

2018-10-29T16:48:27+00:00 CRITICAL Uncaught Error: Call to a member function get_id() on null in /home/globalsax/public_html/demo/wp-content/plugins/globalsax-core/funcionalidades/gbs_catalogo.php:209
Stack trace:
#0 /home/globalsax/public_html/demo/wp-content/plugins/globalsax-core/funcionalidades/gbs_catalogo.php(186): gbs_biuld_ws_object(5, Array, Object(WC_Order))
#1 /home/globalsax/public_html/demo/wp-includes/class-wp-hook.php(286): gbs_create_order('')
#2 /home/globalsax/public_html/demo/wp-includes/class-wp-hook.php(310): WP_Hook->apply_filters('', Array)
#3 /home/globalsax/public_html/demo/wp-includes/plugin.php(453): WP_Hook->do_action(Array)
#4 /home/globalsax/public_html/demo/wp-admin/admin-ajax.php(100): do_action('wp_ajax_gbs_cre...')
#5 {main}
  thrown

2018-10-29T16:48:58+00:00 CRITICAL Uncaught Error: Call to a member function get_id() on null in /home/globalsax/public_html/demo/wp-content/plugins/globalsax-core/funcionalidades/gbs_catalogo.php:209
Stack trace:
#0 /home/globalsax/public_html/demo/wp-content/plugins/globalsax-core/funcionalidades/gbs_catalogo.php(186): gbs_biuld_ws_object(5, Array, Object(WC_Order))
#1 /home/globalsax/public_html/demo/wp-includes/class-wp-hook.php(286): gbs_create_order('')
#2 /home/globalsax/public_html/demo/wp-includes/class-wp-hook.php(310): WP_Hook->apply_filters('', Array)
#3 /home/globalsax/public_html/demo/wp-includes/plugin.php(453): WP_Hook->do_action(Array)
#4 /home/globalsax/public_html/demo/wp-admin/admin-ajax.php(100): do_action('wp_ajax_gbs_cre...')
#5 {main}
  thrown

2018-10-29T16:49:42+00:00 CRITICAL Uncaught Error: Call to a member function get_id() on null in /home/globalsax/public_html/demo/wp-content/plugins/globalsax-core/funcionalidades/gbs_catalogo.php:209
Stack trace:
#0 /home/globalsax/public_html/demo/wp-content/plugins/globalsax-core/funcionalidades/gbs_catalogo.php(186): gbs_biuld_ws_object(5, Array, Object(WC_Order))
#1 /home/globalsax/public_html/demo/wp-includes/class-wp-hook.php(286): gbs_create_order('')
#2 /home/globalsax/public_html/demo/wp-includes/class-wp-hook.php(310): WP_Hook->apply_filters('', Array)
#3 /home/globalsax/public_html/demo/wp-includes/plugin.php(453): WP_Hook->do_action(Array)
#4 /home/globalsax/public_html/demo/wp-admin/admin-ajax.php(100): do_action('wp_ajax_gbs_cre...')
#5 {main}
  thrown

2018-10-29T16:51:39+00:00 CRITICAL Uncaught Error: Call to a member function get_id() on null in /home/globalsax/public_html/demo/wp-content/plugins/globalsax-core/funcionalidades/gbs_catalogo.php:209
Stack trace:
#0 /home/globalsax/public_html/demo/wp-content/plugins/globalsax-core/funcionalidades/gbs_catalogo.php(186): gbs_biuld_ws_object(5, Array, Object(WC_Order))
#1 /home/globalsax/public_html/demo/wp-includes/class-wp-hook.php(286): gbs_create_order('')
#2 /home/globalsax/public_html/demo/wp-includes/class-wp-hook.php(310): WP_Hook->apply_filters('', Array)
#3 /home/globalsax/public_html/demo/wp-includes/plugin.php(453): WP_Hook->do_action(Array)
#4 /home/globalsax/public_html/demo/wp-admin/admin-ajax.php(100): do_action('wp_ajax_gbs_cre...')
#5 {main}
  thrown

2018-10-29T16:54:00+00:00 CRITICAL Uncaught Error: Call to a member function get_id() on null in /home/globalsax/public_html/demo/wp-content/plugins/globalsax-core/funcionalidades/gbs_catalogo.php:209
Stack trace:
#0 /home/globalsax/public_html/demo/wp-content/plugins/globalsax-core/funcionalidades/gbs_catalogo.php(186): gbs_biuld_ws_object(5, Array, Object(WC_Order))
#1 /home/globalsax/public_html/demo/wp-includes/class-wp-hook.php(286): gbs_create_order('')
#2 /home/globalsax/public_html/demo/wp-includes/class-wp-hook.php(310): WP_Hook->apply_filters('', Array)
#3 /home/globalsax/public_html/demo/wp-includes/plugin.php(453): WP_Hook->do_action(Array)
#4 /home/globalsax/public_html/demo/wp-admin/admin-ajax.php(100): do_action('wp_ajax_gbs_cre...')
#5 {main}
  thrown

2018-10-29T16:56:28+00:00 CRITICAL Uncaught Error: Call to a member function get_id() on null in /home/globalsax/public_html/demo/wp-content/plugins/globalsax-core/funcionalidades/gbs_catalogo.php:209
Stack trace:
#0 /home/globalsax/public_html/demo/wp-content/plugins/globalsax-core/funcionalidades/gbs_catalogo.php(186): gbs_biuld_ws_object(5, Array, Object(WC_Order))
#1 /home/globalsax/public_html/demo/wp-includes/class-wp-hook.php(286): gbs_create_order('')
#2 /home/globalsax/public_html/demo/wp-includes/class-wp-hook.php(310): WP_Hook->apply_filters('', Array)
#3 /home/globalsax/public_html/demo/wp-includes/plugin.php(453): WP_Hook->do_action(Array)
#4 /home/globalsax/public_html/demo/wp-admin/admin-ajax.php(100): do_action('wp_ajax_gbs_cre...')
#5 {main}
  thrown

2018-10-29T16:58:52+00:00 CRITICAL Uncaught Error: Call to a member function get_id() on null in /home/globalsax/public_html/demo/wp-content/plugins/globalsax-core/funcionalidades/gbs_catalogo.php:209
Stack trace:
#0 /home/globalsax/public_html/demo/wp-content/plugins/globalsax-core/funcionalidades/gbs_catalogo.php(186): gbs_biuld_ws_object(5, Array, Object(WC_Order))
#1 /home/globalsax/public_html/demo/wp-includes/class-wp-hook.php(286): gbs_create_order('')
#2 /home/globalsax/public_html/demo/wp-includes/class-wp-hook.php(310): WP_Hook->apply_filters('', Array)
#3 /home/globalsax/public_html/demo/wp-includes/plugin.php(453): WP_Hook->do_action(Array)
#4 /home/globalsax/public_html/demo/wp-admin/admin-ajax.php(100): do_action('wp_ajax_gbs_cre...')
#5 {main}
  thrown

2018-10-29T17:03:10+00:00 CRITICAL Uncaught Error: Call to a member function get_id() on null in /home/globalsax/public_html/demo/wp-content/plugins/globalsax-core/funcionalidades/gbs_catalogo.php:209
Stack trace:
#0 /home/globalsax/public_html/demo/wp-content/plugins/globalsax-core/funcionalidades/gbs_catalogo.php(186): gbs_biuld_ws_object(5, Array, Object(WC_Order))
#1 /home/globalsax/public_html/demo/wp-includes/class-wp-hook.php(286): gbs_create_order('')
#2 /home/globalsax/public_html/demo/wp-includes/class-wp-hook.php(310): WP_Hook->apply_filters('', Array)
#3 /home/globalsax/public_html/demo/wp-includes/plugin.php(453): WP_Hook->do_action(Array)
#4 /home/globalsax/public_html/demo/wp-admin/admin-ajax.php(100): do_action('wp_ajax_gbs_cre...')
#5 {main}
  thrown

2018-10-29T17:03:24+00:00 CRITICAL Uncaught Error: Call to a member function get_id() on null in /home/globalsax/public_html/demo/wp-content/plugins/globalsax-core/funcionalidades/gbs_catalogo.php:209
Stack trace:
#0 /home/globalsax/public_html/demo/wp-content/plugins/globalsax-core/funcionalidades/gbs_catalogo.php(186): gbs_biuld_ws_object(5, Array, Object(WC_Order))
#1 /home/globalsax/public_html/demo/wp-includes/class-wp-hook.php(286): gbs_create_order('')
#2 /home/globalsax/public_html/demo/wp-includes/class-wp-hook.php(310): WP_Hook->apply_filters('', Array)
#3 /home/globalsax/public_html/demo/wp-includes/plugin.php(453): WP_Hook->do_action(Array)
#4 /home/globalsax/public_html/demo/wp-admin/admin-ajax.php(100): do_action('wp_ajax_gbs_cre...')
#5 {main}
  thrown

2018-10-29T17:04:11+00:00 CRITICAL Uncaught Error: Call to a member function get_id() on null in /home/globalsax/public_html/demo/wp-content/plugins/globalsax-core/funcionalidades/gbs_catalogo.php:209
Stack trace:
#0 /home/globalsax/public_html/demo/wp-content/plugins/globalsax-core/funcionalidades/gbs_catalogo.php(186): gbs_biuld_ws_object(5, Array, Object(WC_Order))
#1 /home/globalsax/public_html/demo/wp-includes/class-wp-hook.php(286): gbs_create_order('')
#2 /home/globalsax/public_html/demo/wp-includes/class-wp-hook.php(310): WP_Hook->apply_filters('', Array)
#3 /home/globalsax/public_html/demo/wp-includes/plugin.php(453): WP_Hook->do_action(Array)
#4 /home/globalsax/public_html/demo/wp-admin/admin-ajax.php(100): do_action('wp_ajax_gbs_cre...')
#5 {main}
  thrown

2018-10-29T17:06:55+00:00 CRITICAL Uncaught Error: Call to a member function get_id() on null in /home/globalsax/public_html/demo/wp-content/plugins/globalsax-core/funcionalidades/gbs_catalogo.php:209
Stack trace:
#0 /home/globalsax/public_html/demo/wp-content/plugins/globalsax-core/funcionalidades/gbs_catalogo.php(186): gbs_biuld_ws_object(5, Array, Object(WC_Order))
#1 /home/globalsax/public_html/demo/wp-includes/class-wp-hook.php(286): gbs_create_order('')
#2 /home/globalsax/public_html/demo/wp-includes/class-wp-hook.php(310): WP_Hook->apply_filters('', Array)
#3 /home/globalsax/public_html/demo/wp-includes/plugin.php(453): WP_Hook->do_action(Array)
#4 /home/globalsax/public_html/demo/wp-admin/admin-ajax.php(100): do_action('wp_ajax_gbs_cre...')
#5 {main}
  thrown

2018-10-29T17:09:11+00:00 CRITICAL Uncaught Error: Call to a member function get_parent_data() on boolean in /home/globalsax/public_html/demo/wp-content/plugins/globalsax-core/funcionalidades/gbs_catalogo.php:212
Stack trace:
#0 /home/globalsax/public_html/demo/wp-content/plugins/globalsax-core/funcionalidades/gbs_catalogo.php(186): gbs_biuld_ws_object(5, Array, Object(WC_Order))
#1 /home/globalsax/public_html/demo/wp-includes/class-wp-hook.php(286): gbs_create_order('')
#2 /home/globalsax/public_html/demo/wp-includes/class-wp-hook.php(310): WP_Hook->apply_filters('', Array)
#3 /home/globalsax/public_html/demo/wp-includes/plugin.php(453): WP_Hook->do_action(Array)
#4 /home/globalsax/public_html/demo/wp-admin/admin-ajax.php(100): do_action('wp_ajax_gbs_cre...')
#5 {main}
  thrown

2018-10-29T20:51:34+00:00 CRITICAL Uncaught Error: Call to undefined method Clients::getSucursalesByProvincia() in /home/globalsax/public_html/demo/wp-content/themes/Avada/locales.php:87
Stack trace:
#0 /home/globalsax/public_html/demo/wp-content/themes/Avada/locales.php(204): load_prov()
#1 /home/globalsax/public_html/demo/wp-includes/template.php(690): require('/home/globalsax...')
#2 /home/globalsax/public_html/demo/wp-includes/template.php(647): load_template('/home/globalsax...', false)
#3 /home/globalsax/public_html/demo/wp-includes/general-template.php(155): locate_template(Array, true, false)
#4 /home/globalsax/public_html/demo/wp-content/plugins/insert-php/insert_php.php(48) : eval()'d code(3): get_template_part('locales')
#5 /home/globalsax/public_html/demo/wp-content/plugins/insert-php/insert_php.php(48): eval()
#6 /home/globalsax/public_html/demo/wp-includes/class-wp-hook.php(286): will_bontrager_insert_php('[insert_php]\r\n\r...')
#7 /home/globalsax/public_html/demo/wp-includes/plugin.php(203): WP_Hook->apply_filters('[insert_php]

2018-10-29T20:51:57+00:00 CRITICAL Uncaught Error: Call to undefined method Clients::getSucursalesByProvincia() in /home/globalsax/public_html/demo/wp-content/themes/Avada/locales.php:87
Stack trace:
#0 /home/globalsax/public_html/demo/wp-content/themes/Avada/locales.php(204): load_prov()
#1 /home/globalsax/public_html/demo/wp-includes/template.php(690): require('/home/globalsax...')
#2 /home/globalsax/public_html/demo/wp-includes/template.php(647): load_template('/home/globalsax...', false)
#3 /home/globalsax/public_html/demo/wp-includes/general-template.php(155): locate_template(Array, true, false)
#4 /home/globalsax/public_html/demo/wp-content/plugins/insert-php/insert_php.php(48) : eval()'d code(3): get_template_part('locales')
#5 /home/globalsax/public_html/demo/wp-content/plugins/insert-php/insert_php.php(48): eval()
#6 /home/globalsax/public_html/demo/wp-includes/class-wp-hook.php(286): will_bontrager_insert_php('[insert_php]\r\n\r...')
#7 /home/globalsax/public_html/demo/wp-includes/plugin.php(203): WP_Hook->apply_filters('[insert_php]

2018-10-29T20:52:59+00:00 CRITICAL Uncaught Error: Call to undefined method Clients::getSucursalesByProvincia() in /home/globalsax/public_html/demo/wp-content/themes/Avada/locales.php:87
Stack trace:
#0 /home/globalsax/public_html/demo/wp-content/themes/Avada/locales.php(204): load_prov()
#1 /home/globalsax/public_html/demo/wp-includes/template.php(690): require('/home/globalsax...')
#2 /home/globalsax/public_html/demo/wp-includes/template.php(647): load_template('/home/globalsax...', false)
#3 /home/globalsax/public_html/demo/wp-includes/general-template.php(155): locate_template(Array, true, false)
#4 /home/globalsax/public_html/demo/wp-content/plugins/insert-php/insert_php.php(48) : eval()'d code(3): get_template_part('locales')
#5 /home/globalsax/public_html/demo/wp-content/plugins/insert-php/insert_php.php(48): eval()
#6 /home/globalsax/public_html/demo/wp-includes/class-wp-hook.php(286): will_bontrager_insert_php('[insert_php]\r\n\r...')
#7 /home/globalsax/public_html/demo/wp-includes/plugin.php(203): WP_Hook->apply_filters('[insert_php]

2018-10-29T20:53:05+00:00 CRITICAL Uncaught Error: Call to undefined method Clients::getSucursalesByProvincia() in /home/globalsax/public_html/demo/wp-content/themes/Avada/locales.php:87
Stack trace:
#0 /home/globalsax/public_html/demo/wp-content/themes/Avada/locales.php(204): load_prov()
#1 /home/globalsax/public_html/demo/wp-includes/template.php(690): require('/home/globalsax...')
#2 /home/globalsax/public_html/demo/wp-includes/template.php(647): load_template('/home/globalsax...', false)
#3 /home/globalsax/public_html/demo/wp-includes/general-template.php(155): locate_template(Array, true, false)
#4 /home/globalsax/public_html/demo/wp-content/plugins/insert-php/insert_php.php(48) : eval()'d code(3): get_template_part('locales')
#5 /home/globalsax/public_html/demo/wp-content/plugins/insert-php/insert_php.php(48): eval()
#6 /home/globalsax/public_html/demo/wp-includes/class-wp-hook.php(286): will_bontrager_insert_php('[insert_php]\r\n\r...')
#7 /home/globalsax/public_html/demo/wp-includes/plugin.php(203): WP_Hook->apply_filters('[insert_php]

2018-10-29T21:05:31+00:00 CRITICAL Uncaught Error: Call to undefined method Clients::getSucursalesByProvincia() in /home/globalsax/public_html/demo/wp-content/themes/Avada/locales.php:87
Stack trace:
#0 /home/globalsax/public_html/demo/wp-content/themes/Avada/locales.php(205): load_prov()
#1 /home/globalsax/public_html/demo/wp-includes/template.php(690): require('/home/globalsax...')
#2 /home/globalsax/public_html/demo/wp-includes/template.php(647): load_template('/home/globalsax...', false)
#3 /home/globalsax/public_html/demo/wp-includes/general-template.php(155): locate_template(Array, true, false)
#4 /home/globalsax/public_html/demo/wp-content/plugins/insert-php/insert_php.php(48) : eval()'d code(3): get_template_part('locales')
#5 /home/globalsax/public_html/demo/wp-content/plugins/insert-php/insert_php.php(48): eval()
#6 /home/globalsax/public_html/demo/wp-includes/class-wp-hook.php(286): will_bontrager_insert_php('[insert_php]\r\n\r...')
#7 /home/globalsax/public_html/demo/wp-includes/plugin.php(203): WP_Hook->apply_filters('[insert_php]

2018-10-29T21:10:01+00:00 CRITICAL Uncaught Error: Call to undefined method Clients::getSucursalesByProvincia() in /home/globalsax/public_html/demo/wp-content/themes/Avada/locales.php:87
Stack trace:
#0 /home/globalsax/public_html/demo/wp-content/themes/Avada/locales.php(205): load_prov()
#1 /home/globalsax/public_html/demo/wp-includes/template.php(690): require('/home/globalsax...')
#2 /home/globalsax/public_html/demo/wp-includes/template.php(647): load_template('/home/globalsax...', false)
#3 /home/globalsax/public_html/demo/wp-includes/general-template.php(155): locate_template(Array, true, false)
#4 /home/globalsax/public_html/demo/wp-content/plugins/insert-php/insert_php.php(48) : eval()'d code(3): get_template_part('locales')
#5 /home/globalsax/public_html/demo/wp-content/plugins/insert-php/insert_php.php(48): eval()
#6 /home/globalsax/public_html/demo/wp-includes/class-wp-hook.php(286): will_bontrager_insert_php('[insert_php]\r\n\r...')
#7 /home/globalsax/public_html/demo/wp-includes/plugin.php(203): WP_Hook->apply_filters('[insert_php]

2018-10-29T21:13:24+00:00 CRITICAL Uncaught Error: Call to undefined method Clients::getSucursalesByProvincia() in /home/globalsax/public_html/demo/wp-content/themes/Avada/locales.php:87
Stack trace:
#0 /home/globalsax/public_html/demo/wp-content/themes/Avada/locales.php(205): load_prov()
#1 /home/globalsax/public_html/demo/wp-includes/template.php(690): require('/home/globalsax...')
#2 /home/globalsax/public_html/demo/wp-includes/template.php(647): load_template('/home/globalsax...', false)
#3 /home/globalsax/public_html/demo/wp-includes/general-template.php(155): locate_template(Array, true, false)
#4 /home/globalsax/public_html/demo/wp-content/plugins/insert-php/insert_php.php(48) : eval()'d code(3): get_template_part('locales')
#5 /home/globalsax/public_html/demo/wp-content/plugins/insert-php/insert_php.php(48): eval()
#6 /home/globalsax/public_html/demo/wp-includes/class-wp-hook.php(286): will_bontrager_insert_php('[insert_php]\r\n\r...')
#7 /home/globalsax/public_html/demo/wp-includes/plugin.php(203): WP_Hook->apply_filters('[insert_php]

2018-10-29T21:14:08+00:00 CRITICAL Uncaught Error: Call to undefined method Clients::getSucursalesByProvincia() in /home/globalsax/public_html/demo/wp-content/themes/Avada/locales.php:87
Stack trace:
#0 /home/globalsax/public_html/demo/wp-content/themes/Avada/locales.php(205): load_prov()
#1 /home/globalsax/public_html/demo/wp-includes/template.php(690): require('/home/globalsax...')
#2 /home/globalsax/public_html/demo/wp-includes/template.php(647): load_template('/home/globalsax...', false)
#3 /home/globalsax/public_html/demo/wp-includes/general-template.php(155): locate_template(Array, true, false)
#4 /home/globalsax/public_html/demo/wp-content/plugins/insert-php/insert_php.php(48) : eval()'d code(3): get_template_part('locales')
#5 /home/globalsax/public_html/demo/wp-content/plugins/insert-php/insert_php.php(48): eval()
#6 /home/globalsax/public_html/demo/wp-includes/class-wp-hook.php(286): will_bontrager_insert_php('[insert_php]\r\n\r...')
#7 /home/globalsax/public_html/demo/wp-includes/plugin.php(203): WP_Hook->apply_filters('[insert_php]

2018-10-29T21:16:08+00:00 CRITICAL Uncaught Error: Call to undefined method Clients::getSucursalesByProvincia() in /home/globalsax/public_html/demo/wp-content/themes/Avada/locales.php:87
Stack trace:
#0 /home/globalsax/public_html/demo/wp-content/themes/Avada/locales.php(205): load_prov()
#1 /home/globalsax/public_html/demo/wp-includes/template.php(690): require('/home/globalsax...')
#2 /home/globalsax/public_html/demo/wp-includes/template.php(647): load_template('/home/globalsax...', false)
#3 /home/globalsax/public_html/demo/wp-includes/general-template.php(155): locate_template(Array, true, false)
#4 /home/globalsax/public_html/demo/wp-content/plugins/insert-php/insert_php.php(48) : eval()'d code(3): get_template_part('locales')
#5 /home/globalsax/public_html/demo/wp-content/plugins/insert-php/insert_php.php(48): eval()
#6 /home/globalsax/public_html/demo/wp-includes/class-wp-hook.php(286): will_bontrager_insert_php('[insert_php]\r\n\r...')
#7 /home/globalsax/public_html/demo/wp-includes/plugin.php(203): WP_Hook->apply_filters('[insert_php]

2018-10-29T21:16:17+00:00 CRITICAL Uncaught Error: Call to undefined method Clients::getSucursalesByProvincia() in /home/globalsax/public_html/demo/wp-content/themes/Avada/locales.php:87
Stack trace:
#0 /home/globalsax/public_html/demo/wp-content/themes/Avada/locales.php(205): load_prov()
#1 /home/globalsax/public_html/demo/wp-includes/template.php(690): require('/home/globalsax...')
#2 /home/globalsax/public_html/demo/wp-includes/template.php(647): load_template('/home/globalsax...', false)
#3 /home/globalsax/public_html/demo/wp-includes/general-template.php(155): locate_template(Array, true, false)
#4 /home/globalsax/public_html/demo/wp-content/plugins/insert-php/insert_php.php(48) : eval()'d code(3): get_template_part('locales')
#5 /home/globalsax/public_html/demo/wp-content/plugins/insert-php/insert_php.php(48): eval()
#6 /home/globalsax/public_html/demo/wp-includes/class-wp-hook.php(286): will_bontrager_insert_php('[insert_php]\r\n\r...')
#7 /home/globalsax/public_html/demo/wp-includes/plugin.php(203): WP_Hook->apply_filters('[insert_php]

2018-10-29T21:16:26+00:00 CRITICAL Uncaught Error: Call to undefined method Clients::getSucursalesByProvincia() in /home/globalsax/public_html/demo/wp-content/themes/Avada/locales.php:87
Stack trace:
#0 /home/globalsax/public_html/demo/wp-content/themes/Avada/locales.php(205): load_prov()
#1 /home/globalsax/public_html/demo/wp-includes/template.php(690): require('/home/globalsax...')
#2 /home/globalsax/public_html/demo/wp-includes/template.php(647): load_template('/home/globalsax...', false)
#3 /home/globalsax/public_html/demo/wp-includes/general-template.php(155): locate_template(Array, true, false)
#4 /home/globalsax/public_html/demo/wp-content/plugins/insert-php/insert_php.php(48) : eval()'d code(3): get_template_part('locales')
#5 /home/globalsax/public_html/demo/wp-content/plugins/insert-php/insert_php.php(48): eval()
#6 /home/globalsax/public_html/demo/wp-includes/class-wp-hook.php(286): will_bontrager_insert_php('[insert_php]\r\n\r...')
#7 /home/globalsax/public_html/demo/wp-includes/plugin.php(203): WP_Hook->apply_filters('[insert_php]

2018-10-29T21:17:53+00:00 CRITICAL Uncaught Error: Call to undefined method Clients::getSucursalesByProvincia() in /home/globalsax/public_html/demo/wp-content/themes/Avada/locales.php:87
Stack trace:
#0 /home/globalsax/public_html/demo/wp-content/themes/Avada/locales.php(205): load_prov()
#1 /home/globalsax/public_html/demo/wp-includes/template.php(690): require('/home/globalsax...')
#2 /home/globalsax/public_html/demo/wp-includes/template.php(647): load_template('/home/globalsax...', false)
#3 /home/globalsax/public_html/demo/wp-includes/general-template.php(155): locate_template(Array, true, false)
#4 /home/globalsax/public_html/demo/wp-content/plugins/insert-php/insert_php.php(48) : eval()'d code(3): get_template_part('locales')
#5 /home/globalsax/public_html/demo/wp-content/plugins/insert-php/insert_php.php(48): eval()
#6 /home/globalsax/public_html/demo/wp-includes/class-wp-hook.php(286): will_bontrager_insert_php('[insert_php]\r\n\r...')
#7 /home/globalsax/public_html/demo/wp-includes/plugin.php(203): WP_Hook->apply_filters('[insert_php]

2018-10-29T21:32:07+00:00 CRITICAL Uncaught Error: Call to undefined method Clients::getSucursalesByProvincia() in /home/globalsax/public_html/demo/wp-content/themes/Avada/locales.php:87
Stack trace:
#0 /home/globalsax/public_html/demo/wp-content/themes/Avada/locales.php(205): load_prov()
#1 /home/globalsax/public_html/demo/wp-includes/template.php(690): require('/home/globalsax...')
#2 /home/globalsax/public_html/demo/wp-includes/template.php(647): load_template('/home/globalsax...', false)
#3 /home/globalsax/public_html/demo/wp-includes/general-template.php(155): locate_template(Array, true, false)
#4 /home/globalsax/public_html/demo/wp-content/plugins/insert-php/insert_php.php(48) : eval()'d code(3): get_template_part('locales')
#5 /home/globalsax/public_html/demo/wp-content/plugins/insert-php/insert_php.php(48): eval()
#6 /home/globalsax/public_html/demo/wp-includes/class-wp-hook.php(286): will_bontrager_insert_php('[insert_php]\r\n\r...')
#7 /home/globalsax/public_html/demo/wp-includes/plugin.php(203): WP_Hook->apply_filters('[insert_php]

2018-11-01T15:03:47+00:00 CRITICAL Uncaught Error: Call to undefined function get_sucursales() in /home/globalsax/public_html/demo/wp-content/themes/Avada/woocommerce/cart/cart.php:65
Stack trace:
#0 /home/globalsax/public_html/demo/wp-content/plugins/woocommerce/includes/wc-core-functions.php(211): include()
#1 /home/globalsax/public_html/demo/wp-content/plugins/woocommerce/includes/shortcodes/class-wc-shortcode-cart.php(87): wc_get_template('cart/cart.php')
#2 /home/globalsax/public_html/demo/wp-content/plugins/woocommerce/includes/class-wc-shortcodes.php(76): WC_Shortcode_Cart::output(Array)
#3 /home/globalsax/public_html/demo/wp-content/plugins/woocommerce/includes/class-wc-shortcodes.php(89): WC_Shortcodes::shortcode_wrapper(Array)
#4 /home/globalsax/public_html/demo/wp-includes/shortcodes.php(319): WC_Shortcodes::cart('', '', 'woocommerce_car...')
#5 [internal function]: do_shortcode_tag(Array)
#6 /home/globalsax/public_html/demo/wp-includes/shortcodes.php(197): preg_replace_callback('/\\[(\\[?)(woocom...', 'do_shortcode_ta...', '[woocom

2018-11-01T15:05:17+00:00 CRITICAL Uncaught Error: Call to undefined function get_sucursales() in /home/globalsax/public_html/demo/wp-content/themes/Avada/woocommerce/cart/cart.php:65
Stack trace:
#0 /home/globalsax/public_html/demo/wp-content/plugins/woocommerce/includes/wc-core-functions.php(211): include()
#1 /home/globalsax/public_html/demo/wp-content/plugins/woocommerce/includes/shortcodes/class-wc-shortcode-cart.php(87): wc_get_template('cart/cart.php')
#2 /home/globalsax/public_html/demo/wp-content/plugins/woocommerce/includes/class-wc-shortcodes.php(76): WC_Shortcode_Cart::output(Array)
#3 /home/globalsax/public_html/demo/wp-content/plugins/woocommerce/includes/class-wc-shortcodes.php(89): WC_Shortcodes::shortcode_wrapper(Array)
#4 /home/globalsax/public_html/demo/wp-includes/shortcodes.php(319): WC_Shortcodes::cart('', '', 'woocommerce_car...')
#5 [internal function]: do_shortcode_tag(Array)
#6 /home/globalsax/public_html/demo/wp-includes/shortcodes.php(197): preg_replace_callback('/\\[(\\[?)(woocom...', 'do_shortcode_ta...', '[woocom

2018-11-01T15:05:47+00:00 CRITICAL Uncaught Error: Call to undefined function get_sucursales() in /home/globalsax/public_html/demo/wp-content/themes/Avada/woocommerce/cart/cart.php:65
Stack trace:
#0 /home/globalsax/public_html/demo/wp-content/plugins/woocommerce/includes/wc-core-functions.php(211): include()
#1 /home/globalsax/public_html/demo/wp-content/plugins/woocommerce/includes/shortcodes/class-wc-shortcode-cart.php(87): wc_get_template('cart/cart.php')
#2 /home/globalsax/public_html/demo/wp-content/plugins/woocommerce/includes/class-wc-shortcodes.php(76): WC_Shortcode_Cart::output(Array)
#3 /home/globalsax/public_html/demo/wp-content/plugins/woocommerce/includes/class-wc-shortcodes.php(89): WC_Shortcodes::shortcode_wrapper(Array)
#4 /home/globalsax/public_html/demo/wp-includes/shortcodes.php(319): WC_Shortcodes::cart('', '', 'woocommerce_car...')
#5 [internal function]: do_shortcode_tag(Array)
#6 /home/globalsax/public_html/demo/wp-includes/shortcodes.php(197): preg_replace_callback('/\\[(\\[?)(woocom...', 'do_shortcode_ta...', '[woocom

2018-11-01T21:28:46+00:00 CRITICAL Uncaught Error: Call to undefined function checkout() in /home/globalsax/public_html/demo/wp-content/plugins/globalsax-core/funcionalidades/gbs_catalogo.php:367
Stack trace:
#0 /home/globalsax/public_html/demo/wp-includes/class-wp-hook.php(286): get_do_checkout('')
#1 /home/globalsax/public_html/demo/wp-includes/class-wp-hook.php(310): WP_Hook->apply_filters('', Array)
#2 /home/globalsax/public_html/demo/wp-includes/plugin.php(453): WP_Hook->do_action(Array)
#3 /home/globalsax/public_html/demo/wp-admin/admin-ajax.php(100): do_action('wp_ajax_get_do_...')
#4 {main}
  thrown

2018-11-01T21:32:57+00:00 CRITICAL Uncaught Error: Call to undefined function checkout() in /home/globalsax/public_html/demo/wp-content/plugins/globalsax-core/funcionalidades/gbs_catalogo.php:367
Stack trace:
#0 /home/globalsax/public_html/demo/wp-includes/class-wp-hook.php(286): get_do_checkout('')
#1 /home/globalsax/public_html/demo/wp-includes/class-wp-hook.php(310): WP_Hook->apply_filters('', Array)
#2 /home/globalsax/public_html/demo/wp-includes/plugin.php(453): WP_Hook->do_action(Array)
#3 /home/globalsax/public_html/demo/wp-admin/admin-ajax.php(100): do_action('wp_ajax_get_do_...')
#4 {main}
  thrown

2018-11-01T21:48:47+00:00 CRITICAL Uncaught Error: Function name must be a string in /home/globalsax/public_html/demo/wp-content/themes/Avada/woocommerce/cart/cart.php:66
Stack trace:
#0 /home/globalsax/public_html/demo/wp-content/plugins/woocommerce/includes/wc-core-functions.php(211): include()
#1 /home/globalsax/public_html/demo/wp-content/plugins/woocommerce/includes/shortcodes/class-wc-shortcode-cart.php(87): wc_get_template('cart/cart.php')
#2 /home/globalsax/public_html/demo/wp-content/plugins/woocommerce/includes/class-wc-shortcodes.php(76): WC_Shortcode_Cart::output(Array)
#3 /home/globalsax/public_html/demo/wp-content/plugins/woocommerce/includes/class-wc-shortcodes.php(89): WC_Shortcodes::shortcode_wrapper(Array)
#4 /home/globalsax/public_html/demo/wp-includes/shortcodes.php(319): WC_Shortcodes::cart('', '', 'woocommerce_car...')
#5 [internal function]: do_shortcode_tag(Array)
#6 /home/globalsax/public_html/demo/wp-includes/shortcodes.php(197): preg_replace_callback('/\\[(\\[?)(woocom...', 'do_shortcode_ta...', '[woocommerce_ca...')

2018-11-01T21:52:21+00:00 CRITICAL Uncaught Error: Call to undefined function do_cart() in /home/globalsax/public_html/demo/wp-content/plugins/globalsax-core/funcionalidades/gbs_catalogo.php:367
Stack trace:
#0 /home/globalsax/public_html/demo/wp-includes/class-wp-hook.php(286): get_do_checkout('')
#1 /home/globalsax/public_html/demo/wp-includes/class-wp-hook.php(310): WP_Hook->apply_filters('', Array)
#2 /home/globalsax/public_html/demo/wp-includes/plugin.php(453): WP_Hook->do_action(Array)
#3 /home/globalsax/public_html/demo/wp-admin/admin-ajax.php(100): do_action('wp_ajax_get_do_...')
#4 {main}
  thrown

2018-11-01T21:53:10+00:00 CRITICAL Uncaught Error: Call to undefined function do_cart() in /home/globalsax/public_html/demo/wp-content/plugins/globalsax-core/funcionalidades/gbs_catalogo.php:367
Stack trace:
#0 /home/globalsax/public_html/demo/wp-includes/class-wp-hook.php(286): get_do_checkout('')
#1 /home/globalsax/public_html/demo/wp-includes/class-wp-hook.php(310): WP_Hook->apply_filters('', Array)
#2 /home/globalsax/public_html/demo/wp-includes/plugin.php(453): WP_Hook->do_action(Array)
#3 /home/globalsax/public_html/demo/wp-admin/admin-ajax.php(100): do_action('wp_ajax_get_do_...')
#4 {main}
  thrown

2018-11-01T21:53:36+00:00 CRITICAL Uncaught Error: Call to undefined function do_cart() in /home/globalsax/public_html/demo/wp-content/plugins/globalsax-core/funcionalidades/gbs_catalogo.php:367
Stack trace:
#0 /home/globalsax/public_html/demo/wp-includes/class-wp-hook.php(286): get_do_checkout('')
#1 /home/globalsax/public_html/demo/wp-includes/class-wp-hook.php(310): WP_Hook->apply_filters('', Array)
#2 /home/globalsax/public_html/demo/wp-includes/plugin.php(453): WP_Hook->do_action(Array)
#3 /home/globalsax/public_html/demo/wp-admin/admin-ajax.php(100): do_action('wp_ajax_get_do_...')
#4 {main}
  thrown

2018-11-01T21:54:01+00:00 CRITICAL Uncaught Error: Call to undefined function do_cart() in /home/globalsax/public_html/demo/wp-content/plugins/globalsax-core/funcionalidades/gbs_catalogo.php:367
Stack trace:
#0 /home/globalsax/public_html/demo/wp-includes/class-wp-hook.php(286): get_do_checkout('')
#1 /home/globalsax/public_html/demo/wp-includes/class-wp-hook.php(310): WP_Hook->apply_filters('', Array)
#2 /home/globalsax/public_html/demo/wp-includes/plugin.php(453): WP_Hook->do_action(Array)
#3 /home/globalsax/public_html/demo/wp-admin/admin-ajax.php(100): do_action('wp_ajax_get_do_...')
#4 {main}
  thrown

2018-11-01T21:54:32+00:00 CRITICAL Uncaught Error: Call to undefined function do_cart() in /home/globalsax/public_html/demo/wp-content/plugins/globalsax-core/funcionalidades/gbs_catalogo.php:368
Stack trace:
#0 /home/globalsax/public_html/demo/wp-includes/class-wp-hook.php(286): get_do_checkout('')
#1 /home/globalsax/public_html/demo/wp-includes/class-wp-hook.php(310): WP_Hook->apply_filters('', Array)
#2 /home/globalsax/public_html/demo/wp-includes/plugin.php(453): WP_Hook->do_action(Array)
#3 /home/globalsax/public_html/demo/wp-admin/admin-ajax.php(100): do_action('wp_ajax_get_do_...')
#4 {main}
  thrown

