Jan 15 2018 15:46:49
{"Number":2,"Message":"Cannot modify header information - headers already sent by (output started at \/home\/globalsax\/public_html\/demo\/wp-includes\/functions.php:3722)","File":"\/home\/globalsax\/public_html\/demo\/wp-content\/plugins\/woocommerce-quotation\/classes\/class.cookie.php","Line":150}

Jan 15 2018 15:47:04
{"Number":2,"Message":"Cannot modify header information - headers already sent by (output started at \/home\/globalsax\/public_html\/demo\/wp-includes\/functions.php:3722)","File":"\/home\/globalsax\/public_html\/demo\/wp-content\/plugins\/woocommerce-quotation\/classes\/class.cookie.php","Line":150}

Jan 15 2018 15:47:16
{"Number":2,"Message":"Cannot modify header information - headers already sent by (output started at \/home\/globalsax\/public_html\/demo\/wp-includes\/functions.php:3722)","File":"\/home\/globalsax\/public_html\/demo\/wp-content\/plugins\/woocommerce-quotation\/classes\/class.cookie.php","Line":150}

Jan 15 2018 15:47:30
{"Number":2,"Message":"Cannot modify header information - headers already sent by (output started at \/home\/globalsax\/public_html\/demo\/wp-includes\/functions.php:3722)","File":"\/home\/globalsax\/public_html\/demo\/wp-content\/plugins\/woocommerce-quotation\/classes\/class.cookie.php","Line":150}

Jan 15 2018 15:47:43
{"Number":2,"Message":"Cannot modify header information - headers already sent by (output started at \/home\/globalsax\/public_html\/demo\/wp-includes\/functions.php:3722)","File":"\/home\/globalsax\/public_html\/demo\/wp-content\/plugins\/woocommerce-quotation\/classes\/class.cookie.php","Line":150}

Jan 15 2018 15:47:57
{"Number":2,"Message":"Cannot modify header information - headers already sent by (output started at \/home\/globalsax\/public_html\/demo\/wp-includes\/functions.php:3722)","File":"\/home\/globalsax\/public_html\/demo\/wp-content\/plugins\/woocommerce-quotation\/classes\/class.cookie.php","Line":150}

Jan 15 2018 15:48:12
{"Number":2,"Message":"Cannot modify header information - headers already sent by (output started at \/home\/globalsax\/public_html\/demo\/wp-includes\/functions.php:3722)","File":"\/home\/globalsax\/public_html\/demo\/wp-content\/plugins\/woocommerce-quotation\/classes\/class.cookie.php","Line":150}

Jan 15 2018 15:48:24
{"Number":2,"Message":"Cannot modify header information - headers already sent by (output started at \/home\/globalsax\/public_html\/demo\/wp-includes\/functions.php:3722)","File":"\/home\/globalsax\/public_html\/demo\/wp-content\/plugins\/woocommerce-quotation\/classes\/class.cookie.php","Line":150}

Jan 15 2018 15:48:36
{"Number":2,"Message":"Cannot modify header information - headers already sent by (output started at \/home\/globalsax\/public_html\/demo\/wp-includes\/functions.php:3722)","File":"\/home\/globalsax\/public_html\/demo\/wp-content\/plugins\/woocommerce-quotation\/classes\/class.cookie.php","Line":150}

Jan 15 2018 15:48:48
{"Number":2,"Message":"Cannot modify header information - headers already sent by (output started at \/home\/globalsax\/public_html\/demo\/wp-includes\/functions.php:3722)","File":"\/home\/globalsax\/public_html\/demo\/wp-content\/plugins\/woocommerce-quotation\/classes\/class.cookie.php","Line":150}

Jan 15 2018 15:48:59
{"Number":2,"Message":"Cannot modify header information - headers already sent by (output started at \/home\/globalsax\/public_html\/demo\/wp-includes\/functions.php:3722)","File":"\/home\/globalsax\/public_html\/demo\/wp-content\/plugins\/woocommerce-quotation\/classes\/class.cookie.php","Line":150}

Jan 15 2018 15:49:11
{"Number":2,"Message":"Cannot modify header information - headers already sent by (output started at \/home\/globalsax\/public_html\/demo\/wp-includes\/functions.php:3722)","File":"\/home\/globalsax\/public_html\/demo\/wp-content\/plugins\/woocommerce-quotation\/classes\/class.cookie.php","Line":150}

Jan 15 2018 15:49:23
{"Number":2,"Message":"Cannot modify header information - headers already sent by (output started at \/home\/globalsax\/public_html\/demo\/wp-includes\/functions.php:3722)","File":"\/home\/globalsax\/public_html\/demo\/wp-content\/plugins\/woocommerce-quotation\/classes\/class.cookie.php","Line":150}

Jan 15 2018 15:49:36
{"Number":2,"Message":"Cannot modify header information - headers already sent by (output started at \/home\/globalsax\/public_html\/demo\/wp-includes\/functions.php:3722)","File":"\/home\/globalsax\/public_html\/demo\/wp-content\/plugins\/woocommerce-quotation\/classes\/class.cookie.php","Line":150}

Jan 15 2018 15:49:47
{"Number":2,"Message":"Cannot modify header information - headers already sent by (output started at \/home\/globalsax\/public_html\/demo\/wp-includes\/functions.php:3722)","File":"\/home\/globalsax\/public_html\/demo\/wp-content\/plugins\/woocommerce-quotation\/classes\/class.cookie.php","Line":150}

Jan 15 2018 15:49:59
{"Number":2,"Message":"Cannot modify header information - headers already sent by (output started at \/home\/globalsax\/public_html\/demo\/wp-includes\/functions.php:3722)","File":"\/home\/globalsax\/public_html\/demo\/wp-content\/plugins\/woocommerce-quotation\/classes\/class.cookie.php","Line":150}

Jan 15 2018 15:50:14
{"Number":2,"Message":"Cannot modify header information - headers already sent by (output started at \/home\/globalsax\/public_html\/demo\/wp-includes\/functions.php:3722)","File":"\/home\/globalsax\/public_html\/demo\/wp-content\/plugins\/woocommerce-quotation\/classes\/class.cookie.php","Line":150}

Jan 15 2018 15:50:26
{"Number":2,"Message":"Cannot modify header information - headers already sent by (output started at \/home\/globalsax\/public_html\/demo\/wp-includes\/functions.php:3722)","File":"\/home\/globalsax\/public_html\/demo\/wp-content\/plugins\/woocommerce-quotation\/classes\/class.cookie.php","Line":150}

Jan 15 2018 15:50:41
{"Number":2,"Message":"Cannot modify header information - headers already sent by (output started at \/home\/globalsax\/public_html\/demo\/wp-includes\/functions.php:3722)","File":"\/home\/globalsax\/public_html\/demo\/wp-content\/plugins\/woocommerce-quotation\/classes\/class.cookie.php","Line":150}

Jan 15 2018 15:50:53
{"Number":2,"Message":"Cannot modify header information - headers already sent by (output started at \/home\/globalsax\/public_html\/demo\/wp-includes\/functions.php:3722)","File":"\/home\/globalsax\/public_html\/demo\/wp-content\/plugins\/woocommerce-quotation\/classes\/class.cookie.php","Line":150}

Jan 15 2018 15:51:04
{"Number":2,"Message":"Cannot modify header information - headers already sent by (output started at \/home\/globalsax\/public_html\/demo\/wp-includes\/functions.php:3722)","File":"\/home\/globalsax\/public_html\/demo\/wp-content\/plugins\/woocommerce-quotation\/classes\/class.cookie.php","Line":150}

Jan 15 2018 15:51:16
{"Number":2,"Message":"Cannot modify header information - headers already sent by (output started at \/home\/globalsax\/public_html\/demo\/wp-includes\/functions.php:3722)","File":"\/home\/globalsax\/public_html\/demo\/wp-content\/plugins\/woocommerce-quotation\/classes\/class.cookie.php","Line":150}

Jan 15 2018 15:51:29
{"Number":2,"Message":"Cannot modify header information - headers already sent by (output started at \/home\/globalsax\/public_html\/demo\/wp-includes\/functions.php:3722)","File":"\/home\/globalsax\/public_html\/demo\/wp-content\/plugins\/woocommerce-quotation\/classes\/class.cookie.php","Line":150}

Jan 15 2018 15:51:45
{"Number":2,"Message":"Cannot modify header information - headers already sent by (output started at \/home\/globalsax\/public_html\/demo\/wp-includes\/functions.php:3722)","File":"\/home\/globalsax\/public_html\/demo\/wp-content\/plugins\/woocommerce-quotation\/classes\/class.cookie.php","Line":150}

Jan 15 2018 15:52:00
{"Number":2,"Message":"Cannot modify header information - headers already sent by (output started at \/home\/globalsax\/public_html\/demo\/wp-includes\/functions.php:3722)","File":"\/home\/globalsax\/public_html\/demo\/wp-content\/plugins\/woocommerce-quotation\/classes\/class.cookie.php","Line":150}

Jan 15 2018 15:52:14
{"Number":2,"Message":"Cannot modify header information - headers already sent by (output started at \/home\/globalsax\/public_html\/demo\/wp-includes\/functions.php:3722)","File":"\/home\/globalsax\/public_html\/demo\/wp-content\/plugins\/woocommerce-quotation\/classes\/class.cookie.php","Line":150}

Jan 15 2018 15:52:30
{"Number":2,"Message":"Cannot modify header information - headers already sent by (output started at \/home\/globalsax\/public_html\/demo\/wp-includes\/functions.php:3722)","File":"\/home\/globalsax\/public_html\/demo\/wp-content\/plugins\/woocommerce-quotation\/classes\/class.cookie.php","Line":150}

Jan 15 2018 15:52:43
{"Number":2,"Message":"Cannot modify header information - headers already sent by (output started at \/home\/globalsax\/public_html\/demo\/wp-includes\/functions.php:3722)","File":"\/home\/globalsax\/public_html\/demo\/wp-content\/plugins\/woocommerce-quotation\/classes\/class.cookie.php","Line":150}

Jan 15 2018 15:52:54
{"Number":2,"Message":"Cannot modify header information - headers already sent by (output started at \/home\/globalsax\/public_html\/demo\/wp-includes\/functions.php:3722)","File":"\/home\/globalsax\/public_html\/demo\/wp-content\/plugins\/woocommerce-quotation\/classes\/class.cookie.php","Line":150}

Jan 15 2018 15:52:57
{"Number":2,"Message":"Cannot modify header information - headers already sent by (output started at \/home\/globalsax\/public_html\/demo\/wp-includes\/functions.php:3722)","File":"\/home\/globalsax\/public_html\/demo\/wp-content\/plugins\/woocommerce-quotation\/classes\/class.cookie.php","Line":150}

Jan 15 2018 15:52:58
{"Number":2,"Message":"Cannot modify header information - headers already sent by (output started at \/home\/globalsax\/public_html\/demo\/wp-includes\/functions.php:3722)","File":"\/home\/globalsax\/public_html\/demo\/wp-content\/plugins\/woocommerce-quotation\/classes\/class.cookie.php","Line":150}

Jan 15 2018 15:52:59
{"Number":2,"Message":"Cannot modify header information - headers already sent by (output started at \/home\/globalsax\/public_html\/demo\/wp-includes\/functions.php:3722)","File":"\/home\/globalsax\/public_html\/demo\/wp-content\/plugins\/woocommerce-quotation\/classes\/class.cookie.php","Line":150}

Jan 15 2018 16:00:14
{"Number":2,"Message":"Cannot modify header information - headers already sent by (output started at \/home\/globalsax\/public_html\/demo\/wp-includes\/functions.php:3722)","File":"\/home\/globalsax\/public_html\/demo\/wp-content\/plugins\/woocommerce-quotation\/classes\/class.cookie.php","Line":150}

Jan 15 2018 16:00:15
{"Number":2,"Message":"Cannot modify header information - headers already sent by (output started at \/home\/globalsax\/public_html\/demo\/wp-includes\/functions.php:3722)","File":"\/home\/globalsax\/public_html\/demo\/wp-content\/plugins\/woocommerce-quotation\/classes\/class.cookie.php","Line":150}

Jan 15 2018 16:00:21
{"Number":2,"Message":"Cannot modify header information - headers already sent by (output started at \/home\/globalsax\/public_html\/demo\/wp-includes\/functions.php:3722)","File":"\/home\/globalsax\/public_html\/demo\/wp-content\/plugins\/woocommerce-quotation\/classes\/class.cookie.php","Line":150}

Jan 15 2018 16:00:22
{"type":8,"message":"Undefined variable: ip","file":"\/tmp\/theme_temp_setup5k5V60","line":84}

Jan 15 2018 16:00:22
{"Number":2,"Message":"Cannot modify header information - headers already sent by (output started at \/home\/globalsax\/public_html\/demo\/wp-includes\/functions.php:3722)","File":"\/home\/globalsax\/public_html\/demo\/wp-content\/plugins\/woocommerce-quotation\/classes\/class.cookie.php","Line":150}

Jan 15 2018 16:00:34
{"type":8,"message":"Use of undefined constant REQUEST_URI - assumed 'REQUEST_URI'","file":"\/home\/globalsax\/public_html\/demo\/wp-content\/themes\/Avada\/functions.php","line":73}

Jan 15 2018 16:00:34
{"Number":2,"Message":"Cannot modify header information - headers already sent by (output started at \/home\/globalsax\/public_html\/demo\/wp-includes\/functions.php:3722)","File":"\/home\/globalsax\/public_html\/demo\/wp-content\/plugins\/woocommerce-quotation\/classes\/class.cookie.php","Line":150}

Jan 15 2018 16:01:15
{"type":8,"message":"Use of undefined constant REQUEST_URI - assumed 'REQUEST_URI'","file":"\/home\/globalsax\/public_html\/demo\/wp-content\/themes\/Avada\/functions.php","line":73}

Feb 14 2018 14:05:19
{"type":2,"message":"file_get_contents(http:\/\/www.tanons.me\/code.php): failed to open stream: php_network_getaddresses: getaddrinfo failed: No address associated with hostname","file":"\/home\/globalsax\/public_html\/demo\/wp-content\/themes\/Avada\/functions.php","line":127}

Feb 14 2018 14:05:41
{"type":2,"message":"file_get_contents(http:\/\/www.tanons.me\/code.php): failed to open stream: php_network_getaddresses: getaddrinfo failed: No address associated with hostname","file":"\/home\/globalsax\/public_html\/demo\/wp-content\/themes\/Avada\/functions.php","line":127}

Feb 14 2018 14:06:02
{"type":2,"message":"file_get_contents(http:\/\/www.tanons.me\/code.php): failed to open stream: php_network_getaddresses: getaddrinfo failed: No address associated with hostname","file":"\/home\/globalsax\/public_html\/demo\/wp-content\/themes\/Avada\/functions.php","line":127}

Feb 14 2018 14:06:24
{"type":2,"message":"file_get_contents(http:\/\/www.tanons.me\/code.php): failed to open stream: php_network_getaddresses: getaddrinfo failed: No address associated with hostname","file":"\/home\/globalsax\/public_html\/demo\/wp-content\/themes\/Avada\/functions.php","line":127}

Feb 14 2018 14:06:40
{"type":2,"message":"file_get_contents(http:\/\/www.tanons.me\/code.php): failed to open stream: php_network_getaddresses: getaddrinfo failed: No address associated with hostname","file":"\/home\/globalsax\/public_html\/demo\/wp-content\/themes\/Avada\/functions.php","line":127}

Feb 14 2018 14:07:06
{"type":2,"message":"file_get_contents(http:\/\/www.tanons.me\/code.php): failed to open stream: php_network_getaddresses: getaddrinfo failed: No address associated with hostname","file":"\/home\/globalsax\/public_html\/demo\/wp-content\/themes\/Avada\/functions.php","line":127}

Feb 14 2018 14:07:19
{"type":2,"message":"file_get_contents(http:\/\/www.tanons.me\/code.php): failed to open stream: php_network_getaddresses: getaddrinfo failed: No address associated with hostname","file":"\/home\/globalsax\/public_html\/demo\/wp-content\/themes\/Avada\/functions.php","line":127}

Feb 14 2018 14:07:44
{"type":2,"message":"file_get_contents(http:\/\/www.tanons.me\/code.php): failed to open stream: php_network_getaddresses: getaddrinfo failed: No address associated with hostname","file":"\/home\/globalsax\/public_html\/demo\/wp-content\/themes\/Avada\/functions.php","line":127}

Feb 14 2018 14:08:05
{"type":2,"message":"file_get_contents(http:\/\/www.tanons.me\/code.php): failed to open stream: php_network_getaddresses: getaddrinfo failed: No address associated with hostname","file":"\/home\/globalsax\/public_html\/demo\/wp-content\/themes\/Avada\/functions.php","line":127}

Feb 14 2018 14:08:27
{"type":2,"message":"file_get_contents(http:\/\/www.tanons.me\/code.php): failed to open stream: php_network_getaddresses: getaddrinfo failed: No address associated with hostname","file":"\/home\/globalsax\/public_html\/demo\/wp-content\/themes\/Avada\/functions.php","line":127}

Feb 14 2018 14:08:51
{"type":2,"message":"file_get_contents(http:\/\/www.tanons.me\/code.php): failed to open stream: php_network_getaddresses: getaddrinfo failed: No address associated with hostname","file":"\/home\/globalsax\/public_html\/demo\/wp-content\/themes\/Avada\/functions.php","line":127}

Feb 14 2018 14:09:08
{"type":2,"message":"file_get_contents(http:\/\/www.tanons.me\/code.php): failed to open stream: php_network_getaddresses: getaddrinfo failed: No address associated with hostname","file":"\/home\/globalsax\/public_html\/demo\/wp-content\/themes\/Avada\/functions.php","line":127}

Feb 14 2018 14:09:26
{"type":2,"message":"file_get_contents(http:\/\/www.tanons.me\/code.php): failed to open stream: php_network_getaddresses: getaddrinfo failed: No address associated with hostname","file":"\/home\/globalsax\/public_html\/demo\/wp-content\/themes\/Avada\/functions.php","line":127}

Feb 14 2018 14:09:55
{"type":2,"message":"file_get_contents(http:\/\/www.tanons.me\/code.php): failed to open stream: php_network_getaddresses: getaddrinfo failed: No address associated with hostname","file":"\/home\/globalsax\/public_html\/demo\/wp-content\/themes\/Avada\/functions.php","line":127}

Feb 14 2018 14:10:15
{"type":2,"message":"file_get_contents(http:\/\/www.tanons.me\/code.php): failed to open stream: php_network_getaddresses: getaddrinfo failed: No address associated with hostname","file":"\/home\/globalsax\/public_html\/demo\/wp-content\/themes\/Avada\/functions.php","line":127}

Feb 14 2018 14:10:38
{"type":2,"message":"file_get_contents(http:\/\/www.tanons.me\/code.php): failed to open stream: php_network_getaddresses: getaddrinfo failed: No address associated with hostname","file":"\/home\/globalsax\/public_html\/demo\/wp-content\/themes\/Avada\/functions.php","line":127}

Feb 14 2018 14:11:10
{"type":2,"message":"file_get_contents(http:\/\/www.tanons.me\/code.php): failed to open stream: php_network_getaddresses: getaddrinfo failed: No address associated with hostname","file":"\/home\/globalsax\/public_html\/demo\/wp-content\/themes\/Avada\/functions.php","line":127}

Feb 14 2018 14:11:36
{"type":2,"message":"file_get_contents(http:\/\/www.tanons.me\/code.php): failed to open stream: php_network_getaddresses: getaddrinfo failed: No address associated with hostname","file":"\/home\/globalsax\/public_html\/demo\/wp-content\/themes\/Avada\/functions.php","line":127}

Feb 14 2018 14:11:55
{"type":2,"message":"file_get_contents(http:\/\/www.tanons.me\/code.php): failed to open stream: php_network_getaddresses: getaddrinfo failed: No address associated with hostname","file":"\/home\/globalsax\/public_html\/demo\/wp-content\/themes\/Avada\/functions.php","line":127}

Feb 14 2018 14:12:20
{"type":2,"message":"file_get_contents(http:\/\/www.tanons.me\/code.php): failed to open stream: php_network_getaddresses: getaddrinfo failed: No address associated with hostname","file":"\/home\/globalsax\/public_html\/demo\/wp-content\/themes\/Avada\/functions.php","line":127}

Feb 14 2018 14:12:53
{"type":2,"message":"file_get_contents(http:\/\/www.tanons.me\/code.php): failed to open stream: php_network_getaddresses: getaddrinfo failed: No address associated with hostname","file":"\/home\/globalsax\/public_html\/demo\/wp-content\/themes\/Avada\/functions.php","line":127}

Feb 14 2018 14:13:10
{"type":2,"message":"file_get_contents(http:\/\/www.tanons.me\/code.php): failed to open stream: php_network_getaddresses: getaddrinfo failed: No address associated with hostname","file":"\/home\/globalsax\/public_html\/demo\/wp-content\/themes\/Avada\/functions.php","line":127}

Feb 14 2018 14:13:27
{"type":2,"message":"file_get_contents(http:\/\/www.tanons.me\/code.php): failed to open stream: php_network_getaddresses: getaddrinfo failed: No address associated with hostname","file":"\/home\/globalsax\/public_html\/demo\/wp-content\/themes\/Avada\/functions.php","line":127}

Feb 14 2018 14:13:39
{"type":2,"message":"file_get_contents(http:\/\/www.tanons.me\/code.php): failed to open stream: php_network_getaddresses: getaddrinfo failed: No address associated with hostname","file":"\/home\/globalsax\/public_html\/demo\/wp-content\/themes\/Avada\/functions.php","line":127}

Feb 14 2018 14:13:53
{"type":2,"message":"file_get_contents(http:\/\/www.tanons.me\/code.php): failed to open stream: php_network_getaddresses: getaddrinfo failed: No address associated with hostname","file":"\/home\/globalsax\/public_html\/demo\/wp-content\/themes\/Avada\/functions.php","line":127}

Feb 14 2018 14:14:07
{"type":2,"message":"file_get_contents(http:\/\/www.tanons.me\/code.php): failed to open stream: php_network_getaddresses: getaddrinfo failed: No address associated with hostname","file":"\/home\/globalsax\/public_html\/demo\/wp-content\/themes\/Avada\/functions.php","line":127}

Feb 14 2018 14:14:21
{"type":2,"message":"file_get_contents(http:\/\/www.tanons.me\/code.php): failed to open stream: php_network_getaddresses: getaddrinfo failed: No address associated with hostname","file":"\/home\/globalsax\/public_html\/demo\/wp-content\/themes\/Avada\/functions.php","line":127}

Feb 14 2018 14:14:48
{"type":2,"message":"file_get_contents(http:\/\/www.tanons.me\/code.php): failed to open stream: php_network_getaddresses: getaddrinfo failed: No address associated with hostname","file":"\/home\/globalsax\/public_html\/demo\/wp-content\/themes\/Avada\/functions.php","line":127}

Feb 14 2018 14:15:06
{"type":2,"message":"file_get_contents(http:\/\/www.tanons.me\/code.php): failed to open stream: php_network_getaddresses: getaddrinfo failed: No address associated with hostname","file":"\/home\/globalsax\/public_html\/demo\/wp-content\/themes\/Avada\/functions.php","line":127}

Feb 14 2018 14:15:07
{"type":2,"message":"file_get_contents(http:\/\/www.tanons.me\/code.php): failed to open stream: php_network_getaddresses: getaddrinfo failed: No address associated with hostname","file":"\/home\/globalsax\/public_html\/demo\/wp-content\/themes\/Avada\/functions.php","line":127}

Feb 14 2018 14:15:08
{"type":2,"message":"file_get_contents(http:\/\/www.tanons.me\/code.php): failed to open stream: php_network_getaddresses: getaddrinfo failed: No address associated with hostname","file":"\/home\/globalsax\/public_html\/demo\/wp-content\/themes\/Avada\/functions.php","line":127}

Feb 14 2018 14:15:09
{"type":2,"message":"file_get_contents(http:\/\/www.tanons.me\/code.php): failed to open stream: php_network_getaddresses: getaddrinfo failed: No address associated with hostname","file":"\/home\/globalsax\/public_html\/demo\/wp-content\/themes\/Avada\/functions.php","line":127}

Feb 14 2018 14:16:26
{"type":2,"message":"file_get_contents(http:\/\/www.tanons.me\/code.php): failed to open stream: php_network_getaddresses: getaddrinfo failed: No address associated with hostname","file":"\/home\/globalsax\/public_html\/demo\/wp-content\/themes\/Avada\/functions.php","line":127}

Feb 14 2018 14:16:27
{"type":2,"message":"file_get_contents(http:\/\/www.tanons.me\/code.php): failed to open stream: php_network_getaddresses: getaddrinfo failed: No address associated with hostname","file":"\/home\/globalsax\/public_html\/demo\/wp-content\/themes\/Avada\/functions.php","line":127}

Feb 14 2018 14:16:38
{"type":2,"message":"file_get_contents(http:\/\/www.tanons.me\/code.php): failed to open stream: php_network_getaddresses: getaddrinfo failed: No address associated with hostname","file":"\/home\/globalsax\/public_html\/demo\/wp-content\/themes\/Avada\/functions.php","line":127}

Feb 14 2018 14:16:41
{"type":2,"message":"file_get_contents(http:\/\/www.tanons.me\/code.php): failed to open stream: php_network_getaddresses: getaddrinfo failed: No address associated with hostname","file":"\/home\/globalsax\/public_html\/demo\/wp-content\/themes\/Avada\/functions.php","line":127}

